#           var1             var2            omega           -gamma      Re(dBy/dBz)      Im(dBy/dBz)       Re(dn/dBz)       Im(dn/dBz)
  1.00000000e-02   0.00000000e+00   9.94987123e-03   3.91019565e-24  -1.17509895e-21   5.72957795e+05   1.02041264e+00  -1.63306611e-16
  1.00624022e-02   0.00000000e+00   1.00116466e-02   2.59935494e-35   9.90523488e-16   5.72957795e+05   1.02047665e+00  -7.83881530e-17
  1.01251938e-02   0.00000000e+00   1.00738035e-02   8.41470984e-30   2.36719038e-16   5.72957795e+05   1.02054107e+00   1.53924833e-16
  1.01883772e-02   0.00000000e+00   1.01363444e-02  -3.12907510e-24  -2.58142476e-16   5.72957795e+05   1.02060590e+00  -1.45462195e-16
  1.02519549e-02   0.00000000e+00   1.01992715e-02   2.07960364e-23  -9.90714955e-16   5.72957795e+05   1.02067113e+00  -4.23723987e-17
  1.03159293e-02   0.00000000e+00   1.02625872e-02  -3.14956148e-23  -9.90766236e-16   5.72957795e+05   1.02073678e+00   1.25076994e-16
  1.03803030e-02   0.00000000e+00   1.03262939e-02   3.84258475e-23  -1.11268965e-20   5.72957795e+05   1.02080284e+00  -4.82414778e-17
  1.04450783e-02   0.00000000e+00   1.03903939e-02  -4.35240016e-26   9.90903794e-16   5.72957795e+05   1.02086931e+00  -1.23964600e-17
  1.05102579e-02   0.00000000e+00   1.04548897e-02  -3.02615516e-23  -2.68128710e-16   5.72957795e+05   1.02093621e+00   1.22367183e-16
  1.05758442e-02   0.00000000e+00   1.05197838e-02  -6.91923897e-23  -3.81299726e-16   5.72957795e+05   1.02100353e+00  -4.49459163e-17
  1.06418398e-02   0.00000000e+00   1.05850784e-02  -1.68665729e-24   4.76462837e-22   5.72957795e+05   1.02107127e+00   1.24996077e-16
  1.07082472e-02   0.00000000e+00   1.06507761e-02  -2.02632209e-23  -1.50332958e-16   5.72957795e+05   1.02113944e+00   1.41321360e-16
  1.07750690e-02   0.00000000e+00   1.07168793e-02   2.53238071e-23  -7.06573816e-21   5.72957795e+05   1.02120804e+00   3.01986376e-17
  1.08423078e-02   0.00000000e+00   1.07833906e-02  -3.71385911e-23  -5.32731231e-16   5.72957795e+05   1.02127707e+00   3.29461320e-17
  1.09099662e-02   0.00000000e+00   1.08503123e-02  -8.30332415e-23  -4.77260008e-16   5.72957795e+05   1.02134653e+00   7.62193081e-17
  1.09780467e-02   0.00000000e+00   1.09176471e-02   3.46300809e-24  -9.48467174e-22   5.72957795e+05   1.02141644e+00  -7.49412249e-17
  1.10465521e-02   0.00000000e+00   1.09853973e-02   3.71207768e-23  -4.77457456e-16   5.72957795e+05   1.02148679e+00  -7.55634035e-18
  1.11154850e-02   0.00000000e+00   1.10535656e-02  -2.19424637e-23   2.36996173e-15   5.72957795e+05   1.02155758e+00  -1.44443319e-16
  1.11848481e-02   0.00000000e+00   1.11221545e-02   6.22228995e-23   1.08223722e-16   5.72957795e+05   1.02162881e+00   1.69695373e-16
  1.12546440e-02   0.00000000e+00   1.11911666e-02  -6.58292419e-24  -1.55926209e-15   5.72957795e+05   1.02170050e+00  -8.06459558e-17
  1.13248754e-02   0.00000000e+00   1.12606045e-02   2.20134451e-23   5.84951385e-16   5.72957795e+05   1.02177264e+00   1.13671064e-16
  1.13955451e-02   0.00000000e+00   1.13304706e-02   4.83183259e-23   6.02135783e-16   5.72957795e+05   1.02184523e+00   4.85015207e-17
  1.14666558e-02   0.00000000e+00   1.14007678e-02   3.72523594e-23  -1.26450902e-16   5.72957795e+05   1.02191828e+00   1.15744030e-16
  1.15382103e-02   0.00000000e+00   1.14714985e-02   2.36285525e-24   1.48798509e-15   5.72957795e+05   1.02199180e+00  -1.37552881e-16
  1.16102112e-02   0.00000000e+00   1.15426654e-02   3.62725344e-23  -6.79168948e-16   5.72957795e+05   1.02206577e+00   1.94375152e-16
  1.16826615e-02   0.00000000e+00   1.16142712e-02  -3.23052963e-23  -4.96058072e-16   5.72957795e+05   1.02214022e+00   2.78747501e-17
  1.17555638e-02   0.00000000e+00   1.16863186e-02  -1.01827632e-23   4.87631085e-21   5.72957795e+05   1.02221513e+00   1.30955469e-16
  1.18289211e-02   0.00000000e+00   1.17588103e-02   1.17846808e-23   7.01005091e-16   5.72957795e+05   1.02229052e+00   1.01980804e-16
  1.19027362e-02   0.00000000e+00   1.18317488e-02  -1.51563588e-23   2.75562501e-16   5.72957795e+05   1.02236638e+00   2.28802838e-17
  1.19770118e-02   0.00000000e+00   1.19051371e-02  -3.01492975e-23   9.76133576e-21   5.72957795e+05   1.02244273e+00   6.70598292e-17
  1.20517510e-02   0.00000000e+00   1.19789777e-02  -3.62955622e-23  -7.40950659e-16   5.72957795e+05   1.02251955e+00   4.86552182e-17
  1.21269566e-02   0.00000000e+00   1.20532736e-02   6.81519317e-23  -1.69074031e-20   5.72957795e+05   1.02259686e+00   1.16566951e-17
  1.22026314e-02   0.00000000e+00   1.21280273e-02   2.64202787e-23  -2.14609568e-16   5.72957795e+05   1.02267466e+00  -1.36443111e-16
  1.22787785e-02   0.00000000e+00   1.22032418e-02  -4.30442223e-23   8.46347226e-21   5.72957795e+05   1.02275295e+00   6.45585155e-17
  1.23554008e-02   0.00000000e+00   1.22789198e-02  -3.31580224e-24  -4.96400791e-16   5.72957795e+05   1.02283173e+00   2.80121295e-17
  1.24325012e-02   0.00000000e+00   1.23550642e-02  -6.44116369e-24  -6.67248038e-16   5.72957795e+05   1.02291101e+00   5.75164744e-17
  1.25100827e-02   0.00000000e+00   1.24316777e-02   2.65334376e-23   9.92953047e-16   5.72957795e+05   1.02299080e+00   4.09291821e-17
  1.25881483e-02   0.00000000e+00   1.25087632e-02  -1.21959651e-23   2.91546697e-21   5.72957795e+05   1.02307108e+00  -4.65512466e-18
  1.26667011e-02   0.00000000e+00   1.25863237e-02   2.74666753e-23   2.57176998e-16   5.72957795e+05   1.02315188e+00  -2.04272955e-16
  1.27457441e-02   0.00000000e+00   1.26643620e-02   8.94206334e-23   4.96575106e-16   5.72957795e+05   1.02323318e+00   5.54729108e-17
  1.28252803e-02   0.00000000e+00   1.27428809e-02  -4.46441199e-24  -3.95339876e-16   5.72957795e+05   1.02331500e+00  -5.97859628e-17
  1.29053129e-02   0.00000000e+00   1.28218835e-02   5.47332851e-24  -5.84576815e-16   5.72957795e+05   1.02339734e+00  -8.98688405e-18
  1.29858449e-02   0.00000000e+00   1.29013727e-02   3.08577255e-24   4.96715260e-16   5.72957795e+05   1.02348019e+00   2.92999643e-17
  1.30668794e-02   0.00000000e+00   1.29813513e-02  -7.72948395e-24   1.78049075e-21   5.72957795e+05   1.02356357e+00   1.01925672e-16
  1.31484196e-02   0.00000000e+00   1.30618224e-02   4.70826492e-23  -1.07787086e-20   5.72957795e+05   1.02364748e+00   3.70257331e-19
  1.32304686e-02   0.00000000e+00   1.31427890e-02   4.80826775e-23  -9.14101279e-21   5.72957795e+05   1.02373192e+00   5.52313548e-17
  1.33130296e-02   0.00000000e+00   1.32242541e-02   2.67810626e-23   2.32998885e-17   5.72957795e+05   1.02381689e+00   6.80320149e-18
  1.33961058e-02   0.00000000e+00   1.33062207e-02  -3.61525392e-23   4.96930559e-16   5.72957795e+05   1.02390240e+00  -2.44483790e-17
  1.34797004e-02   0.00000000e+00   1.33886919e-02   3.36836614e-23  -5.78909345e-21   5.72957795e+05   1.02398845e+00   4.81229612e-17
  1.35638167e-02   0.00000000e+00   1.34716707e-02  -3.81106351e-23  -4.96995929e-16   5.72957795e+05   1.02407505e+00  -1.56950715e-17
  1.36484579e-02   0.00000000e+00   1.35551602e-02  -4.60797538e-23  -5.22638740e-16   5.72957795e+05   1.02416219e+00  -9.03834813e-17
  1.37336272e-02   0.00000000e+00   1.36391634e-02   9.13299856e-24  -9.56723408e-16   5.72957795e+05   1.02424988e+00  -2.14050881e-17
  1.38193281e-02   0.00000000e+00   1.37236836e-02   4.34412639e-23  -3.98797472e-16   5.72957795e+05   1.02433813e+00   6.69767139e-17
  1.39055637e-02   0.00000000e+00   1.38087239e-02   6.34749645e-23  -1.37455860e-20   5.72957795e+05   1.02442693e+00  -1.69514164e-16
  1.39923375e-02   0.00000000e+00   1.38942873e-02  -2.21916071e-23  -4.97213570e-16   5.72957795e+05   1.02451630e+00   1.20613682e-16
  1.40796527e-02   0.00000000e+00   1.39803771e-02   5.71440914e-23  -8.27597149e-16   5.72957795e+05   1.02460624e+00   1.39715882e-16
  1.41675128e-02   0.00000000e+00   1.40669965e-02   2.69999797e-23  -8.05365268e-16   5.72957795e+05   1.02469674e+00   8.05324223e-17
  1.42559212e-02   0.00000000e+00   1.41541486e-02  -3.96518229e-23  -2.11288258e-16   5.72957795e+05   1.02478782e+00  -7.90329265e-17
  1.43448812e-02   0.00000000e+00   1.42418368e-02  -5.27307051e-23   8.78265173e-16   5.72957795e+05   1.02487947e+00  -5.55673337e-17
  1.44343964e-02   0.00000000e+00   1.43300642e-02  -1.39863755e-23  -2.54582172e-16   5.72957795e+05   1.02497170e+00  -1.56203204e-16
  1.45244702e-02   0.00000000e+00   1.44188341e-02  -8.59609329e-24   8.37301518e-17   5.72957795e+05   1.02506452e+00  -7.00564775e-17
  1.46151061e-02   0.00000000e+00   1.45081498e-02   6.37470059e-25   1.48415985e-16   5.72957795e+05   1.02515792e+00   1.67236371e-16
  1.47063075e-02   0.00000000e+00   1.45980147e-02  -1.39001320e-23   5.18794398e-16   5.72957795e+05   1.02525192e+00  -1.33261442e-16
  1.47980781e-02   0.00000000e+00   1.46884319e-02  -5.61694576e-23  -9.46175482e-18   5.72957795e+05   1.02534651e+00  -1.07156273e-16
  1.48904214e-02   0.00000000e+00   1.47794049e-02  -5.32471701e-23   3.18526082e-16   5.72957795e+05   1.02544170e+00   1.41191895e-18
  1.49833408e-02   0.00000000e+00   1.48709371e-02   2.85772179e-24  -5.74649748e-22   5.72957795e+05   1.02553749e+00  -5.68073472e-17
  1.50768402e-02   0.00000000e+00   1.49630317e-02   2.35874787e-23   1.99027232e-16   5.72957795e+05   1.02563389e+00   7.49976484e-17
  1.51709229e-02   0.00000000e+00   1.50556923e-02  -2.50267048e-23  -2.08785968e-16   5.72957795e+05   1.02573090e+00  -7.09070910e-17
  1.52655928e-02   0.00000000e+00   1.51489223e-02   1.18947179e-24   9.95709131e-16   5.72957795e+05   1.02582852e+00   6.16273786e-17
  1.53608534e-02   0.00000000e+00   1.52427250e-02  -4.51018553e-24  -4.56365050e-22   5.72957795e+05   1.02592677e+00   5.14991787e-17
  1.54567085e-02   0.00000000e+00   1.53371039e-02  -5.59806381e-23   2.32312608e-17   5.72957795e+05   1.02602563e+00  -8.68804262e-17
  1.55531618e-02   0.00000000e+00   1.54320626e-02  -1.83040364e-23   3.54689727e-21   5.72957795e+05   1.02612512e+00   8.06911600e-17
  1.56502169e-02   0.00000000e+00   1.55276046e-02  -2.87743753e-23  -4.04637123e-21   5.72957795e+05   1.02622525e+00  -2.58869215e-17
  1.57478777e-02   0.00000000e+00   1.56237332e-02   3.42811138e-23  -1.21391137e-20   5.72957795e+05   1.02632600e+00  -1.54044039e-16
  1.58461479e-02   0.00000000e+00   1.57204522e-02   5.67027678e-23  -1.07861665e-20   5.72957795e+05   1.02642740e+00  -4.33083648e-17
  1.59450313e-02   0.00000000e+00   1.58177650e-02   1.73109637e-23  -3.27268924e-21   5.72957795e+05   1.02652944e+00   2.22485578e-17
  1.60445318e-02   0.00000000e+00   1.59156753e-02  -2.08279188e-23  -4.98240501e-16   5.72957795e+05   1.02663212e+00   6.68716068e-17
  1.61446531e-02   0.00000000e+00   1.60141867e-02   9.66425253e-24  -1.80465234e-21   5.72957795e+05   1.02673546e+00   3.42930238e-17
  1.62453993e-02   0.00000000e+00   1.61133027e-02   7.45070736e-24   4.98343586e-16   5.72957795e+05   1.02683945e+00  -1.46200391e-17
  1.63467742e-02   0.00000000e+00   1.62130271e-02  -9.62995754e-24   4.15034696e-21   5.72957795e+05   1.02694411e+00   9.94786354e-17
  1.64487816e-02   0.00000000e+00   1.63133634e-02  -5.77062367e-23   4.98459728e-16   5.72957795e+05   1.02704942e+00   1.07513081e-16
  1.65514256e-02   0.00000000e+00   1.64143155e-02  -1.63846701e-23  -1.68874234e-16   5.72957795e+05   1.02715540e+00  -7.26984948e-17
  1.66547101e-02   0.00000000e+00   1.65158869e-02  -2.14134242e-23  -4.98546061e-16   5.72957795e+05   1.02726206e+00   1.33043021e-16
  1.67586391e-02   0.00000000e+00   1.66180815e-02   2.56005416e-23   2.97469087e-16   5.72957795e+05   1.02736939e+00  -1.59922955e-16
  1.68632167e-02   0.00000000e+00   1.67209030e-02   1.80674840e-23  -6.06955685e-21   5.72957795e+05   1.02747741e+00  -1.28676416e-16
  1.69684469e-02   0.00000000e+00   1.68243551e-02   4.05564947e-23  -7.20872858e-21   5.72957795e+05   1.02758611e+00  -1.61403750e-16
  1.70743337e-02   0.00000000e+00   1.69284417e-02   2.67229389e-24  -2.50701023e-16   5.72957795e+05   1.02769550e+00   7.48169865e-17
  1.71808812e-02   0.00000000e+00   1.70331666e-02  -4.57930966e-23  -4.98805521e-16   5.72957795e+05   1.02780558e+00   1.11779647e-18
  1.72880937e-02   0.00000000e+00   1.71385337e-02  -3.83205849e-24   2.20452376e-16   5.72957795e+05   1.02791636e+00  -1.69383186e-16
  1.73959752e-02   0.00000000e+00   1.72445467e-02   1.40938311e-23  -2.44409171e-21   5.72957795e+05   1.02802785e+00   2.54461745e-18
  1.75045299e-02   0.00000000e+00   1.73512096e-02  -6.36508365e-23  -6.89899262e-16   5.72957795e+05   1.02814004e+00  -5.45608587e-17
  1.76137619e-02   0.00000000e+00   1.74585264e-02   2.61610265e-23  -3.52884388e-16   5.72957795e+05   1.02825295e+00   1.95680607e-16
  1.77236757e-02   0.00000000e+00   1.75665008e-02  -8.89340945e-24   8.23332727e-16   5.72957795e+05   1.02836657e+00  -6.65458683e-17
  1.78342753e-02   0.00000000e+00   1.76751370e-02  -2.32712774e-24   3.93732606e-22   5.72957795e+05   1.02848091e+00   8.46304398e-18
  1.79455651e-02   0.00000000e+00   1.77844388e-02  -2.77799117e-23   1.34010142e-16   5.72957795e+05   1.02859598e+00  -6.55974298e-17
  1.80575493e-02   0.00000000e+00   1.78944102e-02   2.17556258e-23  -3.63580076e-21   5.72957795e+05   1.02871179e+00  -7.42907252e-17
  1.81702324e-02   0.00000000e+00   1.80050554e-02   8.76674649e-23   8.92041296e-16   5.72957795e+05   1.02882832e+00   1.21309678e-16
  1.82836186e-02   0.00000000e+00   1.81163783e-02  -3.78535915e-23  -9.05638291e-16   5.72957795e+05   1.02894560e+00  -5.85900671e-17
  1.83977123e-02   0.00000000e+00   1.82283830e-02  -1.33312214e-23   1.07863169e-15   5.72957795e+05   1.02906362e+00  -5.63342876e-17
  1.85125181e-02   0.00000000e+00   1.83410736e-02  -2.22686328e-23   3.63093705e-21   5.72957795e+05   1.02918240e+00   2.47033825e-17
  1.86280402e-02   0.00000000e+00   1.84544543e-02  -2.08082333e-23   5.36406599e-17   5.72957795e+05   1.02930193e+00  -1.32180910e-16
  1.87442833e-02   0.00000000e+00   1.85685291e-02  -2.43140009e-23   3.91589415e-21   5.72957795e+05   1.02942221e+00   7.15650645e-17
  1.88612517e-02   0.00000000e+00   1.86833022e-02  -4.33493875e-23  -9.71182912e-16   5.72957795e+05   1.02954327e+00  -1.35777393e-16
  1.89789500e-02   0.00000000e+00   1.87987778e-02   5.45682446e-24   9.83832363e-16   5.72957795e+05   1.02966509e+00   1.53444749e-16
  1.90973828e-02   0.00000000e+00   1.89149602e-02  -8.56962390e-24   6.44490581e-18   5.72957795e+05   1.02978769e+00  -6.53107965e-17
  1.92165547e-02   0.00000000e+00   1.90318536e-02   3.52263950e-23  -9.90671725e-16   5.72957795e+05   1.02991106e+00  -4.57396117e-17
  1.93364702e-02   0.00000000e+00   1.91494622e-02  -5.08634211e-23   4.78817921e-16   5.72957795e+05   1.03003523e+00  -1.30898220e-16
  1.94571340e-02   0.00000000e+00   1.92677903e-02   6.25860576e-23   4.66926395e-16   5.72957795e+05   1.03016018e+00  -9.98748073e-18
  1.95785507e-02   0.00000000e+00   1.93868422e-02   3.49525415e-23   4.48067887e-17   5.72957795e+05   1.03028592e+00   6.89406571e-17
  1.97007252e-02   0.00000000e+00   1.95066223e-02  -1.90093585e-23   2.91438133e-21   5.72957795e+05   1.03041247e+00   1.08872597e-17
  1.98236620e-02   0.00000000e+00   1.96271350e-02   1.43926042e-23   5.68108044e-16   5.72957795e+05   1.03053982e+00   5.72681683e-17
  1.99473660e-02   0.00000000e+00   1.97483845e-02   4.88880708e-23  -8.41732427e-16   5.72957795e+05   1.03066799e+00   1.21636202e-16
  2.00718419e-02   0.00000000e+00   1.98703754e-02  -4.46295572e-24   1.41022235e-15   5.72957795e+05   1.03079696e+00  -2.94150131e-17
  2.01970946e-02   0.00000000e+00   1.99931120e-02   3.97628812e-23   1.10232388e-15   5.72957795e+05   1.03092676e+00   8.46078042e-17
  2.03231289e-02   0.00000000e+00   2.01165989e-02  -7.44509883e-25  -8.88144142e-16   5.72957795e+05   1.03105739e+00   9.63646457e-17
  2.04499496e-02   0.00000000e+00   2.02408404e-02  -1.00856503e-23   5.00456215e-16   5.72957795e+05   1.03118885e+00  -1.76742442e-17
  2.05775618e-02   0.00000000e+00   2.03658412e-02  -2.23085244e-23   3.27595667e-21   5.72957795e+05   1.03132114e+00  -4.12696570e-17
  2.07059703e-02   0.00000000e+00   2.04916057e-02   2.89260706e-23  -4.22167125e-21   5.72957795e+05   1.03145428e+00   4.59446434e-17
  2.08351800e-02   0.00000000e+00   2.06181386e-02  -1.42446197e-23   3.45446306e-16   5.72957795e+05   1.03158827e+00   1.26692955e-16
  2.09651961e-02   0.00000000e+00   2.07454444e-02  -1.30018135e-23  -8.35897267e-16   5.72957795e+05   1.03172310e+00  -5.12898777e-17
  2.10960235e-02   0.00000000e+00   2.08735277e-02   2.67581380e-23  -3.25054086e-16   5.72957795e+05   1.03185880e+00   1.90749338e-16
  2.12276673e-02   0.00000000e+00   2.10023932e-02  -3.69337065e-23  -3.15032497e-16   5.72957795e+05   1.03199537e+00   9.85063039e-17
  2.13601326e-02   0.00000000e+00   2.11320455e-02   5.60163575e-24  -1.95767218e-16   5.72957795e+05   1.03213280e+00  -6.18102878e-17
  2.14934245e-02   0.00000000e+00   2.12624893e-02   2.21713443e-23  -4.50903937e-21   5.72957795e+05   1.03227111e+00  -9.09907009e-17
  2.16275482e-02   0.00000000e+00   2.13937294e-02  -5.38076539e-23   5.71447854e-16   5.72957795e+05   1.03241030e+00  -1.08832379e-16
  2.17625088e-02   0.00000000e+00   2.15257705e-02  -1.57673503e-23   2.19069565e-21   5.72957795e+05   1.03255038e+00   8.52072062e-17
  2.18983116e-02   0.00000000e+00   2.16586174e-02   1.61826684e-23   4.68844424e-16   5.72957795e+05   1.03269135e+00   7.87047224e-17
  2.20349618e-02   0.00000000e+00   2.17922749e-02   1.73209537e-23   5.01251413e-16   5.72957795e+05   1.03283322e+00  -2.39957337e-17
  2.21724648e-02   0.00000000e+00   2.19267477e-02  -7.77414212e-24  -2.53065456e-16   5.72957795e+05   1.03297600e+00  -1.27820615e-16
  2.23108258e-02   0.00000000e+00   2.20620409e-02  -1.84048064e-23   4.78341910e-16   5.72957795e+05   1.03311968e+00  -1.37218783e-16
  2.24500503e-02   0.00000000e+00   2.21981592e-02  -2.81954776e-23   3.79884924e-21   5.72957795e+05   1.03326428e+00   1.64293472e-16
  2.25901435e-02   0.00000000e+00   2.23351075e-02  -1.61870142e-22   2.16755352e-20   5.72957795e+05   1.03340981e+00   2.82001893e-17
  2.27311109e-02   0.00000000e+00   2.24728909e-02   3.60390590e-23  -7.14174233e-16   5.72957795e+05   1.03355626e+00  -8.32852839e-17
  2.28729580e-02   0.00000000e+00   2.26115142e-02   2.48059039e-23   7.05582187e-16   5.72957795e+05   1.03370365e+00  -4.13037760e-17
  2.30156903e-02   0.00000000e+00   2.27509825e-02   7.19488800e-24  -3.90717402e-16   5.72957795e+05   1.03385198e+00  -7.36993894e-17
  2.31593132e-02   0.00000000e+00   2.28913008e-02   6.03758102e-24  -3.73820593e-16   5.72957795e+05   1.03400126e+00   1.06467005e-16
  2.33038324e-02   0.00000000e+00   2.30324741e-02   2.10683761e-23  -1.06184362e-16   5.72957795e+05   1.03415149e+00   9.66996818e-17
  2.34492534e-02   0.00000000e+00   2.31745076e-02  -8.31524021e-24   4.21301886e-16   5.72957795e+05   1.03430268e+00   4.71004039e-17
  2.35955819e-02   0.00000000e+00   2.33174063e-02  -6.85802222e-23   8.79673138e-21   5.72957795e+05   1.03445484e+00   3.99992555e-17
  2.37428234e-02   0.00000000e+00   2.34611753e-02   3.65578971e-23  -4.66053593e-21   5.72957795e+05   1.03460796e+00  -5.70334585e-17
  2.38909838e-02   0.00000000e+00   2.36058199e-02   1.86810736e-23   3.97259901e-16   5.72957795e+05   1.03476207e+00  -4.42519151e-17
  2.40400688e-02   0.00000000e+00   2.37513452e-02   3.39279067e-23  -1.38315444e-16   5.72957795e+05   1.03491716e+00   5.16585267e-17
  2.41900841e-02   0.00000000e+00   2.38977565e-02  -6.16773822e-23  -2.51161900e-16   5.72957795e+05   1.03507324e+00  -5.35611418e-17
  2.43410355e-02   0.00000000e+00   2.40450590e-02   5.98339269e-23  -2.51215167e-16   5.72957795e+05   1.03523032e+00   1.34228016e-17
  2.44929289e-02   0.00000000e+00   2.41932580e-02  -3.59540102e-23   2.51250519e-16   5.72957795e+05   1.03538840e+00   1.73944634e-17
  2.46457701e-02   0.00000000e+00   2.43423588e-02   1.93657627e-25  -1.07815132e-16   5.72957795e+05   1.03554750e+00   1.18642827e-17
  2.47995651e-02   0.00000000e+00   2.44923667e-02   3.74579503e-23   5.04823118e-17   5.72957795e+05   1.03570761e+00   1.51366468e-16
  2.49543198e-02   0.00000000e+00   2.46432871e-02  -1.33070154e-23   1.61510657e-21   5.72957795e+05   1.03586874e+00   9.32996587e-18
  2.51100402e-02   0.00000000e+00   2.47951255e-02  -1.85153459e-23   3.37293734e-16   5.72957795e+05   1.03603091e+00  -3.86460945e-17
  2.52667323e-02   0.00000000e+00   2.49478872e-02   3.26962583e-23  -3.30200877e-16   5.72957795e+05   1.03619411e+00  -1.16444373e-16
  2.54244023e-02   0.00000000e+00   2.51015777e-02   3.52214326e-23   2.51477181e-16   5.72957795e+05   1.03635836e+00   3.32829055e-17
  2.55830561e-02   0.00000000e+00   2.52562026e-02   2.08366361e-23   8.09274247e-21   5.72957795e+05   1.03652366e+00  -1.55338859e-16
  2.57427000e-02   0.00000000e+00   2.54117672e-02  -7.35723978e-24   8.65982707e-22   5.72957795e+05   1.03669001e+00  -5.46922600e-17
  2.59033400e-02   0.00000000e+00   2.55682773e-02  -4.33284691e-23   5.06877643e-21   5.72957795e+05   1.03685743e+00  -1.88965469e-17
  2.60649825e-02   0.00000000e+00   2.57257383e-02   7.00784088e-24  -5.47633143e-16   5.72957795e+05   1.03702593e+00   1.28803316e-17
  2.62276337e-02   0.00000000e+00   2.58841559e-02  -2.34709885e-23  -2.51681753e-16   5.72957795e+05   1.03719550e+00   1.48741778e-16
  2.63912999e-02   0.00000000e+00   2.60435358e-02  -1.21267040e-23  -7.55177141e-16   5.72957795e+05   1.03736616e+00  -3.89977162e-17
  2.65559874e-02   0.00000000e+00   2.62038835e-02  -1.92538955e-23   2.19782349e-21   5.72957795e+05   1.03753791e+00   7.10494213e-17
  2.67217025e-02   0.00000000e+00   2.63652049e-02  -1.73422482e-24  -2.51809271e-16   5.72957795e+05   1.03771076e+00  -2.50916874e-17
  2.68884518e-02   0.00000000e+00   2.65275056e-02  -3.82535480e-23   2.63796530e-16   5.72957795e+05   1.03788472e+00   9.06304877e-17
  2.70562416e-02   0.00000000e+00   2.66907915e-02   3.43514174e-23   2.40510906e-16   5.72957795e+05   1.03805979e+00   8.49098757e-17
  2.72250784e-02   0.00000000e+00   2.68550683e-02  -2.90760370e-23   5.03391188e-16   5.72957795e+05   1.03823599e+00   9.80150564e-17
  2.73949689e-02   0.00000000e+00   2.70203419e-02   7.27351923e-24  -4.84192757e-16   5.72957795e+05   1.03841332e+00   9.33507840e-17
  2.75659195e-02   0.00000000e+00   2.71866181e-02  -4.40130616e-23   2.52028905e-16   5.72957795e+05   1.03859178e+00  -8.08074324e-18
  2.77379368e-02   0.00000000e+00   2.73539029e-02   5.78759297e-23  -7.37629140e-16   5.72957795e+05   1.03877139e+00  -8.30945066e-17
  2.79110276e-02   0.00000000e+00   2.75222021e-02  -7.53845689e-25   4.30823107e-16   5.72957795e+05   1.03895214e+00  -9.02522160e-17
  2.80851985e-02   0.00000000e+00   2.76915218e-02  -2.92064048e-23  -2.82436278e-16   5.72957795e+05   1.03913406e+00  -1.06044989e-16
  2.82604563e-02   0.00000000e+00   2.78618679e-02  -7.27603420e-24   2.16167441e-16   5.72957795e+05   1.03931715e+00  -2.97669006e-18
  2.84368077e-02   0.00000000e+00   2.80332466e-02  -5.83956049e-23   6.23121433e-21   5.72957795e+05   1.03950141e+00  -5.01026498e-17
  2.86142596e-02   0.00000000e+00   2.82056637e-02   7.07829423e-23  -5.04585257e-16   5.72957795e+05   1.03968685e+00   5.44867916e-17
  2.87928189e-02   0.00000000e+00   2.83791255e-02   6.66310932e-23  -5.28796333e-17   5.72957795e+05   1.03987348e+00  -1.77415201e-16
  2.89724923e-02   0.00000000e+00   2.85536381e-02   2.63153654e-23  -2.75690403e-21   5.72957795e+05   1.04006132e+00  -1.46922376e-16
  2.91532870e-02   0.00000000e+00   2.87292075e-02  -2.77012705e-23   7.57281182e-16   5.72957795e+05   1.04025035e+00   4.83951199e-17
  2.93352099e-02   0.00000000e+00   2.89058402e-02  -1.10484251e-22   2.28470789e-16   5.72957795e+05   1.04044061e+00  -1.54232447e-16
  2.95182680e-02   0.00000000e+00   2.90835422e-02  -2.08292929e-23   4.30626966e-16   5.72957795e+05   1.04063208e+00  -3.44904767e-17
  2.97024685e-02   0.00000000e+00   2.92623198e-02   3.39471500e-23   4.11833861e-16   5.72957795e+05   1.04082478e+00   8.95770329e-17
  2.98878183e-02   0.00000000e+00   2.94421793e-02   3.75370721e-24   2.54400024e-16   5.72957795e+05   1.04101873e+00   1.23179700e-16
  3.00743249e-02   0.00000000e+00   2.96231272e-02  -9.02350362e-23   8.99126010e-17   5.72957795e+05   1.04121391e+00   6.15896680e-17
  3.02619952e-02   0.00000000e+00   2.98051696e-02  -1.02941503e-22   1.03321792e-20   5.72957795e+05   1.04141036e+00  -3.15187745e-17
  3.04508367e-02   0.00000000e+00   2.99883131e-02   2.48981896e-23  -1.52827134e-16   5.72957795e+05   1.04160806e+00  -2.64118387e-17
  3.06408566e-02   0.00000000e+00   3.01725641e-02  -8.07101793e-23   8.00230241e-21   5.72957795e+05   1.04180704e+00  -2.89440203e-17
  3.08320622e-02   0.00000000e+00   3.03579290e-02  -3.80377700e-23   1.43133283e-16   5.72957795e+05   1.04200730e+00   1.04012058e-18
  3.10244610e-02   0.00000000e+00   3.05444143e-02  -9.33656239e-23   1.38377844e-16   5.72957795e+05   1.04220885e+00   8.41283484e-17
  3.12180604e-02   0.00000000e+00   3.07320267e-02  -3.54683396e-23  -1.33661275e-16   5.72957795e+05   1.04241169e+00  -4.30081212e-17
  3.14128679e-02   0.00000000e+00   3.09207727e-02   2.17582089e-23  -2.77202633e-21   5.72957795e+05   1.04261584e+00  -5.10194425e-17
  3.16088911e-02   0.00000000e+00   3.11106588e-02   4.96301819e-26  -2.53049336e-16   5.72957795e+05   1.04282130e+00  -1.03660504e-16
  3.18061375e-02   0.00000000e+00   3.13016918e-02  -5.84409108e-23   2.39779615e-16   5.72957795e+05   1.04302808e+00  -1.47456647e-16
  3.20046147e-02   0.00000000e+00   3.14938783e-02   2.95355273e-23   2.30805601e-16   5.72957795e+05   1.04323620e+00  -1.93691834e-16
  3.22043305e-02   0.00000000e+00   3.16872251e-02  -8.57849122e-25   4.43895523e-16   5.72957795e+05   1.04344566e+00  -6.10022043e-17
  3.24052926e-02   0.00000000e+00   3.18817388e-02  -4.67822881e-23   4.39002053e-21   5.72957795e+05   1.04365646e+00  -1.45939114e-17
  3.26075087e-02   0.00000000e+00   3.20774264e-02  -1.40074854e-24   9.64454039e-16   5.72957795e+05   1.04386863e+00   7.20343850e-17
  3.28109866e-02   0.00000000e+00   3.22742946e-02  -5.85592808e-24  -5.73595989e-17   5.72957795e+05   1.04408216e+00  -6.18567542e-17
  3.30157344e-02   0.00000000e+00   3.24723503e-02  -2.41186087e-23  -6.58556464e-17   5.72957795e+05   1.04429706e+00   1.87759486e-17
  3.32217598e-02   0.00000000e+00   3.26716004e-02  -4.57295627e-23   6.86129454e-16   5.72957795e+05   1.04451336e+00   5.39043560e-17
  3.34290708e-02   0.00000000e+00   3.28720518e-02   3.27090379e-23  -6.77987892e-16   5.72957795e+05   1.04473104e+00  -1.56096154e-17
  3.36376755e-02   0.00000000e+00   3.30737116e-02   2.02589581e-23   3.44319444e-16   5.72957795e+05   1.04495014e+00   1.23707611e-16
  3.38475820e-02   0.00000000e+00   3.32765867e-02  -3.70558037e-24  -5.07239478e-16   5.72957795e+05   1.04517064e+00   7.28146822e-17
  3.40587983e-02   0.00000000e+00   3.34806841e-02   6.68733224e-23  -2.53679148e-16   5.72957795e+05   1.04539257e+00  -1.14251513e-16
  3.42713326e-02   0.00000000e+00   3.36860110e-02   7.91460022e-23   3.92662418e-16   5.72957795e+05   1.04561593e+00  -2.06113361e-16
  3.44851932e-02   0.00000000e+00   3.38925746e-02   3.24768329e-23  -7.69915696e-16   5.72957795e+05   1.04584073e+00   1.42257669e-16
  3.47003883e-02   0.00000000e+00   3.41003819e-02   8.29277143e-23   1.23490592e-16   5.72957795e+05   1.04606698e+00  -2.04293316e-16
  3.49169264e-02   0.00000000e+00   3.43094401e-02  -4.34896958e-23   4.88137758e-21   5.72957795e+05   1.04629469e+00   5.89861113e-17
  3.51348156e-02   0.00000000e+00   3.45197566e-02   7.22767157e-23  -6.16319954e-16   5.72957795e+05   1.04652387e+00  -9.33201086e-17
  3.53540645e-02   0.00000000e+00   3.47313385e-02   2.16858229e-23   5.08006432e-16   5.72957795e+05   1.04675454e+00   1.82436366e-16
  3.55746816e-02   0.00000000e+00   3.49441933e-02  -6.64780877e-23   9.36981887e-17   5.72957795e+05   1.04698669e+00   1.36728963e-16
  3.57966754e-02   0.00000000e+00   3.51583281e-02   1.03048152e-22  -2.54125406e-16   5.72957795e+05   1.04722035e+00  -9.66939604e-17
  3.60200545e-02   0.00000000e+00   3.53737506e-02  -8.30673386e-24   7.93124167e-17   5.72957795e+05   1.04745551e+00  -9.42975402e-17
  3.62448275e-02   0.00000000e+00   3.55904680e-02   7.02820838e-23   2.54226223e-16   5.72957795e+05   1.04769220e+00  -5.10870926e-18
  3.64710031e-02   0.00000000e+00   3.58084879e-02   7.20459243e-24  -1.30539839e-16   5.72957795e+05   1.04793041e+00   9.37843102e-17
  3.66985902e-02   0.00000000e+00   3.60278177e-02  -2.11921416e-23   5.83745859e-17   5.72957795e+05   1.04817017e+00  -1.81614522e-16
  3.69275974e-02   0.00000000e+00   3.62484651e-02  -9.53296498e-23   4.57264303e-16   5.72957795e+05   1.04841147e+00   1.84259180e-16
  3.71580336e-02   0.00000000e+00   3.64704376e-02   4.35161441e-23  -4.53704049e-21   5.72957795e+05   1.04865434e+00  -5.00818966e-17
  3.73899079e-02   0.00000000e+00   3.66937428e-02   2.98277435e-23  -5.85379159e-16   5.72957795e+05   1.04889878e+00   1.41099643e-16
  3.76232291e-02   0.00000000e+00   3.69183884e-02   2.75687694e-23  -2.23457420e-21   5.72957795e+05   1.04914481e+00  -5.44534459e-17
  3.78580063e-02   0.00000000e+00   3.71443821e-02   9.12758486e-24   2.54643838e-16   5.72957795e+05   1.04939242e+00  -1.49122789e-16
  3.80942485e-02   0.00000000e+00   3.73717317e-02  -1.86451355e-23   2.73365384e-16   5.72957795e+05   1.04964164e+00  -1.11835457e-16
  3.83319649e-02   0.00000000e+00   3.76004450e-02  -1.52361007e-23   2.67077682e-16   5.72957795e+05   1.04989247e+00  -5.06497217e-17
  3.85711648e-02   0.00000000e+00   3.78305297e-02  -6.74656274e-23  -2.48785029e-16   5.72957795e+05   1.05014493e+00  -1.54531350e-16
  3.88118572e-02   0.00000000e+00   3.80619938e-02   3.91264333e-24  -3.07625293e-22   5.72957795e+05   1.05039903e+00  -2.20381587e-17
  3.90540517e-02   0.00000000e+00   3.82948451e-02  -2.30376932e-23   1.80030795e-21   5.72957795e+05   1.05065477e+00  -7.90075890e-18
  3.92977575e-02   0.00000000e+00   3.85290917e-02   7.76065596e-24   4.97674248e-16   5.72957795e+05   1.05091217e+00   3.14813246e-17
  3.95429841e-02   0.00000000e+00   3.87647415e-02  -6.89392182e-23  -5.28482814e-16   5.72957795e+05   1.05117124e+00  -6.87837905e-17
  3.97897410e-02   0.00000000e+00   3.90018025e-02  -8.61541355e-23  -2.55131892e-16   5.72957795e+05   1.05143199e+00   9.37975917e-17
  4.00380377e-02   0.00000000e+00   3.92402828e-02  -4.12088441e-23   2.55205323e-16   5.72957795e+05   1.05169443e+00  -3.02354035e-17
  4.02878838e-02   0.00000000e+00   3.94801906e-02   3.88039461e-23  -2.94150620e-21   5.72957795e+05   1.05195858e+00  -6.69706286e-18
  4.05392890e-02   0.00000000e+00   3.97215340e-02   1.04364013e-22  -2.13748539e-16   5.72957795e+05   1.05222444e+00   4.80606455e-17
  4.07922630e-02   0.00000000e+00   3.99643212e-02  -4.37220547e-23  -4.72317151e-17   5.72957795e+05   1.05249202e+00   2.02193716e-17
  4.10468156e-02   0.00000000e+00   4.02085604e-02   5.11906459e-23  -3.81031572e-21   5.72957795e+05   1.05276135e+00   4.08093276e-17
  4.13029567e-02   0.00000000e+00   4.04542599e-02   6.93001922e-23  -5.83001167e-17   5.72957795e+05   1.05303242e+00   1.58749917e-17
  4.15606962e-02   0.00000000e+00   4.07014281e-02  -2.28545025e-23  -2.55592119e-16   5.72957795e+05   1.05330526e+00  -1.57019397e-16
  4.18200440e-02   0.00000000e+00   4.09500733e-02  -7.09026787e-24  -4.42153895e-16   5.72957795e+05   1.05357986e+00  -1.45024473e-17
  4.20810102e-02   0.00000000e+00   4.12002039e-02   1.16616025e-23  -3.62474797e-16   5.72957795e+05   1.05385626e+00   7.38981050e-17
  4.23436049e-02   0.00000000e+00   4.14518285e-02   6.52733515e-23   7.97481566e-17   5.72957795e+05   1.05413445e+00   1.18881355e-16
  4.26078383e-02   0.00000000e+00   4.17049554e-02  -3.90662294e-23   4.26773160e-16   5.72957795e+05   1.05441445e+00   6.73200188e-17
  4.28737205e-02   0.00000000e+00   4.19595932e-02   6.38962205e-25  -2.55931309e-16   5.72957795e+05   1.05469627e+00   6.46312841e-19
  4.31412619e-02   0.00000000e+00   4.22157505e-02   5.69849988e-23   9.51744832e-17   5.72957795e+05   1.05497992e+00   1.05682587e-16
  4.34104728e-02   0.00000000e+00   4.24734360e-02   1.22108443e-23  -4.11936785e-16   5.72957795e+05   1.05526543e+00   3.02526643e-17
  4.36813636e-02   0.00000000e+00   4.27326582e-02   6.11241882e-23   6.63243864e-16   5.72957795e+05   1.05555279e+00   2.51338542e-17
  4.39539448e-02   0.00000000e+00   4.29934260e-02   8.15574896e-23  -2.92271531e-16   5.72957795e+05   1.05584202e+00   1.06730716e-16
  4.42282271e-02   0.00000000e+00   4.32557480e-02  -1.26526979e-30  -6.94065275e-22   5.72957795e+05   1.05613313e+00  -5.67585031e-17
  4.45042209e-02   0.00000000e+00   4.35196331e-02  -5.03855558e-24   1.19724146e-16   5.72957795e+05   1.05642615e+00   1.08937103e-16
  4.47819369e-02   0.00000000e+00   4.37850901e-02  -6.44478459e-24   4.40608537e-22   5.72957795e+05   1.05672107e+00   1.40050639e-16
  4.50613860e-02   0.00000000e+00   4.40521279e-02  -6.23930235e-31   2.54685945e-16   5.72957795e+05   1.05701791e+00   2.08925930e-17
  4.53425789e-02   0.00000000e+00   4.43207555e-02   3.09366273e-24  -8.71104715e-22   5.72957795e+05   1.05731670e+00   2.92817164e-17
  4.56255265e-02   0.00000000e+00   4.45909817e-02   3.71149509e-23  -1.18278143e-16   5.72957795e+05   1.05761742e+00   2.56133027e-17
  4.59102397e-02   0.00000000e+00   4.48628157e-02   2.73596257e-30  -1.82566254e-28   5.72957795e+05   1.05792012e+00  -1.69199817e-17
  4.61967297e-02   0.00000000e+00   4.51362665e-02   7.89528203e-30  -5.23655458e-28   5.72957795e+05   1.05822478e+00  -8.35143423e-17
  4.64850074e-02   0.00000000e+00   4.54113432e-02   1.30643617e-30  -4.67002584e-16   5.72957795e+05   1.05853144e+00   7.55128033e-17
  4.67750840e-02   0.00000000e+00   4.56880550e-02  -1.05329720e-30  -2.56935974e-16   5.72957795e+05   1.05884010e+00  -4.62558422e-18
  4.70669707e-02   0.00000000e+00   4.59664110e-02   4.16057975e-31   1.60489161e-16   5.72957795e+05   1.05915077e+00   1.88289898e-16
  4.73606789e-02   0.00000000e+00   4.62464206e-02   4.13232614e-23   7.24384114e-17   5.72957795e+05   1.05946347e+00   1.70375465e-16
  4.76562199e-02   0.00000000e+00   4.65280929e-02  -5.50997295e-23   8.81771665e-17   5.72957795e+05   1.05977822e+00   3.53260110e-17
  4.79536051e-02   0.00000000e+00   4.68114374e-02  -7.50771729e-30   3.85861300e-16   5.72957795e+05   1.06009503e+00   1.79792546e-16
  4.82528461e-02   0.00000000e+00   4.70964634e-02  -3.53512234e-23   2.83615419e-21   5.72957795e+05   1.06041390e+00   1.38732522e-17
  4.85539544e-02   0.00000000e+00   4.73831804e-02   8.75646279e-24   3.33407571e-16   5.72957795e+05   1.06073486e+00   5.12526622e-18
  4.88569416e-02   0.00000000e+00   4.76715978e-02  -1.83598074e-30  -3.29526149e-16   5.72957795e+05   1.06105792e+00   1.09618698e-16
  4.91618196e-02   0.00000000e+00   4.79617251e-02  -6.74055273e-31   7.49909368e-18   5.72957795e+05   1.06138310e+00  -1.26273875e-16
  4.94686001e-02   0.00000000e+00   4.82535720e-02   6.06212894e-23  -3.76165721e-21   5.72957795e+05   1.06171040e+00   1.88808623e-17
  4.97772950e-02   0.00000000e+00   4.85471479e-02   1.04783778e-31  -1.28856737e-16   5.72957795e+05   1.06203985e+00  -1.83458666e-16
  5.00879162e-02   0.00000000e+00   4.88424627e-02   4.58812757e-32  -1.28896412e-16   5.72957795e+05   1.06237146e+00   3.64023888e-18
  5.04004757e-02   0.00000000e+00   4.91395260e-02  -2.89433637e-23  -7.60022797e-17   5.72957795e+05   1.06270523e+00  -1.21139517e-16
  5.07149857e-02   0.00000000e+00   4.94383475e-02   1.79589924e-31   4.92412916e-17   5.72957795e+05   1.06304120e+00  -5.46832374e-17
  5.10314583e-02   0.00000000e+00   4.97389370e-02  -4.94675919e-30   2.97815879e-28   5.72957795e+05   1.06337937e+00   3.96396357e-17
  5.13499057e-02   0.00000000e+00   5.00413044e-02   7.08463579e-23  -4.19907224e-17   5.72957795e+05   1.06371975e+00  -5.76510557e-17
  5.16703404e-02   0.00000000e+00   5.03454596e-02   8.43353051e-31   9.06804131e-17   5.72957795e+05   1.06406237e+00   1.39464145e-16
  5.19927746e-02   0.00000000e+00   5.06514126e-02   3.03291755e-30  -1.29143395e-16   5.72957795e+05   1.06440724e+00  -1.45322490e-16
  5.23172209e-02   0.00000000e+00   5.09591732e-02  -5.71763714e-30   3.36009592e-28   5.72957795e+05   1.06475436e+00  -4.48707535e-17
  5.26436918e-02   0.00000000e+00   5.12687516e-02   3.25630345e-30   2.86428188e-16   5.72957795e+05   1.06510377e+00   1.25269800e-17
  5.29721999e-02   0.00000000e+00   5.15801578e-02   9.80357775e-30  -5.69215823e-28   5.72957795e+05   1.06545548e+00   5.38857288e-18
  5.33027580e-02   0.00000000e+00   5.18934019e-02  -1.32164673e-31   7.62758798e-30   5.72957795e+05   1.06580949e+00  -3.47267009e-17
  5.36353788e-02   0.00000000e+00   5.22084942e-02   6.76451150e-23   1.29353352e-16   5.72957795e+05   1.06616583e+00  -1.25047347e-16
  5.39700753e-02   0.00000000e+00   5.25254449e-02   3.57113167e-23  -2.03628397e-21   5.72957795e+05   1.06652451e+00   1.04880783e-17
  5.43068604e-02   0.00000000e+00   5.28442642e-02   3.52676387e-31  -1.99889523e-29   5.72957795e+05   1.06688555e+00  -2.13140859e-17
  5.46457471e-02   0.00000000e+00   5.31649624e-02   5.56788524e-23  -3.13679163e-21   5.72957795e+05   1.06724897e+00   2.70719771e-17
  5.49867485e-02   0.00000000e+00   5.34875499e-02  -1.11362949e-30   1.48711030e-17   5.72957795e+05   1.06761477e+00  -1.66316915e-16
  5.53298778e-02   0.00000000e+00   5.38120372e-02  -5.11797515e-30   2.64609419e-16   5.72957795e+05   1.06798299e+00  -1.69841792e-16
  5.56751483e-02   0.00000000e+00   5.41384347e-02   1.86554076e-31  -1.29622178e-16   5.72957795e+05   1.06835363e+00   4.78434309e-17
  5.60225734e-02   0.00000000e+00   5.44667529e-02  -3.55651021e-30   1.95592528e-28   5.72957795e+05   1.06872671e+00  -4.77099204e-17
  5.63721665e-02   0.00000000e+00   5.47970024e-02   9.99184019e-30  -1.14944444e-16   5.72957795e+05   1.06910224e+00   1.79662975e-16
  5.67239411e-02   0.00000000e+00   5.51291938e-02   4.89843583e-24   1.19377006e-16   5.72957795e+05   1.06948026e+00  -2.11287955e-17
  5.70779109e-02   0.00000000e+00   5.54633378e-02   6.10006809e-30   4.29838524e-22   5.72957795e+05   1.06986076e+00  -7.00522384e-17
  5.74340895e-02   0.00000000e+00   5.57994450e-02   1.22801233e-31  -6.59285105e-30   5.72957795e+05   1.07024377e+00   4.27916781e-17
  5.77924908e-02   0.00000000e+00   5.61375262e-02  -8.66383030e-31  -1.91725111e-17   5.72957795e+05   1.07062931e+00  -8.94692348e-17
  5.81531286e-02   0.00000000e+00   5.64775923e-02  -3.12326071e-31   4.15159715e-22   5.72957795e+05   1.07101740e+00   1.58397890e-16
  5.85160168e-02   0.00000000e+00   5.68196540e-02   4.91118317e-30  -1.05125724e-16   5.72957795e+05   1.07140804e+00   2.19625588e-17
  5.88811695e-02   0.00000000e+00   5.71637223e-02  -8.43496132e-31  -2.76657840e-17   5.72957795e+05   1.07180127e+00   7.36639920e-17
  5.92486009e-02   0.00000000e+00   5.75098082e-02  -7.99141995e-30   4.16328598e-28   5.72957795e+05   1.07219709e+00  -3.97418187e-17
  5.96183251e-02   0.00000000e+00   5.78579227e-02  -5.21305133e-31   2.69956963e-29   5.72957795e+05   1.07259553e+00   1.04857670e-16
  5.99903565e-02   0.00000000e+00   5.82080767e-02   5.31039987e-31  -2.24496051e-16   5.72957795e+05   1.07299660e+00  -2.22901046e-17
  6.03647094e-02   0.00000000e+00   5.85602815e-02  -8.74778343e-32  -5.31345098e-17   5.72957795e+05   1.07340033e+00   1.80139977e-16
  6.07413984e-02   0.00000000e+00   5.89145481e-02  -6.29134290e-32   6.69895110e-18   5.72957795e+05   1.07380672e+00  -1.45359733e-16
  6.11204380e-02   0.00000000e+00   5.92708878e-02   2.61163988e-23  -3.03381542e-16   5.72957795e+05   1.07421580e+00   9.30410639e-18
  6.15018429e-02   0.00000000e+00   5.96293118e-02   2.14523508e-31  -2.51963431e-16   5.72957795e+05   1.07462760e+00   1.35542578e-16
  6.18856278e-02   0.00000000e+00   5.99898314e-02  -4.43332368e-23   8.14834879e-17   5.72957795e+05   1.07504211e+00  -5.53973787e-17
  6.22718076e-02   0.00000000e+00   6.03524581e-02   2.10772113e-30  -7.90041806e-17   5.72957795e+05   1.07545938e+00   1.57605240e-17
  6.26603973e-02   0.00000000e+00   6.07172030e-02  -2.95295953e-31   5.39802746e-17   5.72957795e+05   1.07587941e+00  -2.49137824e-17
  6.30514119e-02   0.00000000e+00   6.10840779e-02   2.63981427e-30  -1.30586525e-16   5.72957795e+05   1.07630222e+00  -1.47939194e-16
  6.34448665e-02   0.00000000e+00   6.14530940e-02  -9.91631908e-24  -5.88960697e-17   5.72957795e+05   1.07672784e+00   1.68097218e-17
  6.38407763e-02   0.00000000e+00   6.18242631e-02   8.65896489e-23  -6.13179069e-17   5.72957795e+05   1.07715628e+00  -5.17456084e-17
  6.42391567e-02   0.00000000e+00   6.21975966e-02   2.80405069e-32   1.30742467e-16   5.72957795e+05   1.07758756e+00  -5.82687327e-18
  6.46400231e-02   0.00000000e+00   6.25731063e-02  -7.51485855e-23   2.60254160e-16   5.72957795e+05   1.07802170e+00   1.10565946e-16
  6.50433909e-02   0.00000000e+00   6.29508038e-02  -3.34688556e-30  -1.36811371e-16   5.72957795e+05   1.07845873e+00  -1.20449388e-16
  6.54492759e-02   0.00000000e+00   6.33307009e-02   1.21923729e-30   2.51271139e-16   5.72957795e+05   1.07889867e+00  -2.34878642e-17
  6.58576937e-02   0.00000000e+00   6.37128095e-02  -9.59439518e-23   1.15909192e-16   5.72957795e+05   1.07934152e+00  -1.83630242e-16
  6.62686601e-02   0.00000000e+00   6.40971413e-02  -3.07768372e-30   1.43933789e-28   5.72957795e+05   1.07978732e+00  -3.03494767e-17
  6.66821910e-02   0.00000000e+00   6.44837083e-02   2.24420968e-30  -2.38191388e-16   5.72957795e+05   1.08023609e+00   3.24991806e-18
  6.70983024e-02   0.00000000e+00   6.48725224e-02   2.63785953e-30  -1.02813533e-16   5.72957795e+05   1.08068784e+00   1.09710220e-16
  6.75170105e-02   0.00000000e+00   6.52635957e-02  -2.29331852e-30  -1.63798182e-16   5.72957795e+05   1.08114259e+00  -1.16970135e-16
  6.79383314e-02   0.00000000e+00   6.56569401e-02  -7.48868960e-31   3.41947327e-29   5.72957795e+05   1.08160038e+00  -3.19565903e-17
  6.83622814e-02   0.00000000e+00   6.60525679e-02   4.86380867e-30   1.31285229e-16   5.72957795e+05   1.08206121e+00  -1.38484098e-16
  6.87888770e-02   0.00000000e+00   6.64504911e-02   2.94716663e-31  -1.32974957e-29   5.72957795e+05   1.08252512e+00  -1.47207639e-16
  6.92181346e-02   0.00000000e+00   6.68507220e-02   6.79130755e-31  -3.04596984e-29   5.72957795e+05   1.08299211e+00   1.27966159e-17
  6.96500709e-02   0.00000000e+00   6.72532728e-02  -1.43775275e-31  -3.40857292e-16   5.72957795e+05   1.08346222e+00   1.32684466e-16
  7.00847026e-02   0.00000000e+00   6.76581559e-02   4.91942528e-23  -2.18023315e-21   5.72957795e+05   1.08393547e+00  -9.60419084e-17
  7.05220464e-02   0.00000000e+00   6.80653836e-02   3.70631752e-30  -7.00290187e-17   5.72957795e+05   1.08441188e+00   1.29526662e-16
  7.09621194e-02   0.00000000e+00   6.84749683e-02   4.71211174e-30  -1.97766705e-16   5.72957795e+05   1.08489146e+00   6.89707464e-17
  7.14049385e-02   0.00000000e+00   6.88869225e-02  -7.30255947e-31   3.17902603e-29   5.72957795e+05   1.08537425e+00   3.06794250e-17
  7.18505209e-02   0.00000000e+00   6.93012587e-02   2.81675137e-31   1.31746148e-16   5.72957795e+05   1.08586027e+00  -1.63142344e-16
  7.22988839e-02   0.00000000e+00   6.97179895e-02  -5.70580687e-30  -3.18336520e-16   5.72957795e+05   1.08634953e+00   8.09850402e-17
  7.27500447e-02   0.00000000e+00   7.01371274e-02  -1.07168045e-22   4.58270464e-21   5.72957795e+05   1.08684207e+00   1.90591081e-17
  7.32040209e-02   0.00000000e+00   7.05586853e-02   1.49892022e-30   5.43132772e-22   5.72957795e+05   1.08733790e+00   2.87200952e-17
  7.36608300e-02   0.00000000e+00   7.09826757e-02   2.05123369e-23   8.82911552e-17   5.72957795e+05   1.08783705e+00   6.83740312e-17
  7.41204897e-02   0.00000000e+00   7.14091114e-02  -2.18840270e-30  -3.04193729e-16   5.72957795e+05   1.08833954e+00   1.35798467e-16
  7.45830177e-02   0.00000000e+00   7.18380053e-02   6.10462416e-23  -2.05201347e-16   5.72957795e+05   1.08884540e+00   1.47078014e-16
  7.50484320e-02   0.00000000e+00   7.22693703e-02   5.16932040e-31  -2.14570013e-29   5.72957795e+05   1.08935464e+00  -4.40276313e-17
  7.55167506e-02   0.00000000e+00   7.27032192e-02   1.31767448e-30   2.94020383e-16   5.72957795e+05   1.08986730e+00   2.19759067e-17
  7.59879917e-02   0.00000000e+00   7.31395651e-02   9.78816000e-31   1.32294917e-16   5.72957795e+05   1.09038340e+00   1.09030349e-16
  7.64621733e-02   0.00000000e+00   7.35784209e-02  -4.77471583e-23   1.94688644e-21   5.72957795e+05   1.09090296e+00   1.94365113e-17
  7.69393140e-02   0.00000000e+00   7.40197997e-02  -1.02152541e-23  -8.19861475e-23   5.72957795e+05   1.09142601e+00   1.15830794e-16
  7.74194321e-02   0.00000000e+00   7.44637147e-02   4.48145968e-31   1.32485788e-16   5.72957795e+05   1.09195257e+00  -1.74612840e-16
  7.79025463e-02   0.00000000e+00   7.49101791e-02   5.98450267e-25   1.27520700e-17   5.72957795e+05   1.09248267e+00  -1.90299138e-16
  7.83886752e-02   0.00000000e+00   7.53592059e-02   2.06548356e-23  -1.32615181e-16   5.72957795e+05   1.09301634e+00  -1.57463543e-16
  7.88778377e-02   0.00000000e+00   7.58108087e-02   3.94524448e-23  -2.03576931e-21   5.72957795e+05   1.09355359e+00  -7.07313010e-17
  7.93700526e-02   0.00000000e+00   7.62650006e-02  -1.46615965e-29  -4.68813413e-22   5.72957795e+05   1.09409445e+00   1.67721385e-16
  7.98653391e-02   0.00000000e+00   7.67217950e-02   4.20599521e-23   1.32747539e-16   5.72957795e+05   1.09463896e+00  -2.00469299e-16
  8.03637162e-02   0.00000000e+00   7.71812054e-02   1.44744302e-31   2.62616601e-16   5.72957795e+05   1.09518713e+00  -1.63764267e-16
  8.08652034e-02   0.00000000e+00   7.76432452e-02   4.01331218e-32   4.53234871e-22   5.72957795e+05   1.09573899e+00  -5.24425897e-17
  8.13698199e-02   0.00000000e+00   7.81079280e-02   3.59064144e-31  -1.23758895e-16   5.72957795e+05   1.09629457e+00  -1.04820317e-16
  8.18775854e-02   0.00000000e+00   7.85752674e-02   1.54303770e-31  -2.41640622e-16   5.72957795e+05   1.09685390e+00   1.70893554e-16
  8.23885194e-02   0.00000000e+00   7.90452769e-02   9.19205725e-23  -1.48385777e-16   5.72957795e+05   1.09741700e+00  -1.94617090e-16
  8.29026417e-02   0.00000000e+00   7.95179703e-02  -1.04410449e-30   4.33307463e-22   5.72957795e+05   1.09798390e+00  -2.14858871e-17
  8.34199723e-02   0.00000000e+00   7.99933613e-02   2.01247700e-31   2.10833701e-17   5.72957795e+05   1.09855463e+00   9.30898111e-17
  8.39405312e-02   0.00000000e+00   8.04714637e-02  -4.04961825e-23  -2.39596118e-17   5.72957795e+05   1.09912921e+00  -2.46814658e-17
  8.44643384e-02   0.00000000e+00   8.09522912e-02  -1.31051224e-31  -5.36142489e-17   5.72957795e+05   1.09970767e+00  -6.48797787e-17
  8.49914144e-02   0.00000000e+00   8.14358578e-02  -2.91354739e-31   1.07422106e-29   5.72957795e+05   1.10029005e+00   2.58534472e-17
  8.55217794e-02   0.00000000e+00   8.19221774e-02   2.10984906e-30   1.33567982e-16   5.72957795e+05   1.10087637e+00   1.26185634e-18
  8.60554540e-02   0.00000000e+00   8.24112640e-02   1.08586229e-31  -3.95658639e-30   5.72957795e+05   1.10146665e+00  -9.36653001e-17
  8.65924588e-02   0.00000000e+00   8.29031315e-02   1.24806893e-31  -4.52088156e-30   5.72957795e+05   1.10206093e+00  -6.16834511e-17
  8.71328146e-02   0.00000000e+00   8.33977941e-02   6.15331529e-23  -2.61199348e-21   5.72957795e+05   1.10265923e+00  -1.43036843e-16
  8.76765424e-02   0.00000000e+00   8.38952659e-02  -2.14970076e-23   7.69560766e-22   5.72957795e+05   1.10326159e+00  -1.56374572e-16
  8.82236632e-02   0.00000000e+00   8.43955611e-02   7.51743912e-32   3.72296823e-18   5.72957795e+05   1.10386803e+00   1.06139572e-16
  8.87741982e-02   0.00000000e+00   8.48986939e-02  -1.40309058e-30   4.96403764e-29   5.72957795e+05   1.10447859e+00   4.48344234e-17
  8.93281685e-02   0.00000000e+00   8.54046785e-02   9.24329984e-23  -3.25102400e-21   5.72957795e+05   1.10509329e+00  -4.71506147e-17
  8.98855958e-02   0.00000000e+00   8.59135292e-02   2.49197096e-30   5.36295700e-17   5.72957795e+05   1.10571217e+00   1.03578230e-16
  9.04465016e-02   0.00000000e+00   8.64252605e-02   2.93520920e-31   5.61557649e-17   5.72957795e+05   1.10633524e+00   1.66047154e-16
  9.10109075e-02   0.00000000e+00   8.69398867e-02   6.57351538e-31  -2.27158229e-29   5.72957795e+05   1.10696256e+00  -1.01645277e-16
  9.15788355e-02   0.00000000e+00   8.74574223e-02   3.39179221e-30   1.34383023e-16   5.72957795e+05   1.10759414e+00   4.17380691e-17
  9.21503074e-02   0.00000000e+00   8.79778819e-02  -1.58823625e-23  -6.35750743e-17   5.72957795e+05   1.10823001e+00  -1.08699401e-16
  9.27253455e-02   0.00000000e+00   8.85012798e-02  -4.90716678e-31  -6.59970999e-17   5.72957795e+05   1.10887022e+00  -1.03010369e-16
  9.33039719e-02   0.00000000e+00   8.90276309e-02  -4.38774969e-23  -6.83908707e-17   5.72957795e+05   1.10951478e+00  -2.84028715e-17
  9.38862090e-02   0.00000000e+00   8.95569496e-02   1.86185477e-30   7.07631097e-17   5.72957795e+05   1.11016374e+00   1.35074592e-16
  9.44720795e-02   0.00000000e+00   9.00892508e-02  -2.15320779e-22   6.16729362e-17   5.72957795e+05   1.11081712e+00  -1.80462891e-16
  9.50616059e-02   0.00000000e+00   9.06245491e-02   2.72278769e-23   7.54287264e-17   5.72957795e+05   1.11147495e+00   1.68182363e-16
  9.56548111e-02   0.00000000e+00   9.11628594e-02  -5.92221943e-30  -7.77260421e-17   5.72957795e+05   1.11213728e+00   1.45131199e-16
  9.62517180e-02   0.00000000e+00   9.17041964e-02   5.88640806e-31   5.50159307e-17   5.72957795e+05   1.11280413e+00  -1.51031681e-17
  9.68523498e-02   0.00000000e+00   9.22485751e-02   1.81304126e-31  -1.05697345e-16   5.72957795e+05   1.11347553e+00   6.81766071e-17
  9.74567296e-02   0.00000000e+00   9.27960103e-02   7.74643453e-23  -2.87295306e-16   5.72957795e+05   1.11415152e+00   1.08180488e-16
  9.80648809e-02   0.00000000e+00   9.33465171e-02   2.44695608e-32  -3.20877980e-22   5.72957795e+05   1.11483214e+00  -1.39200705e-16
  9.86768272e-02   0.00000000e+00   9.39001105e-02  -1.88065926e-30   4.11746079e-18   5.72957795e+05   1.11551741e+00  -7.20593744e-17
  9.92925921e-02   0.00000000e+00   9.44568054e-02   1.54807644e-30  -1.35428037e-16   5.72957795e+05   1.11620737e+00   2.69973732e-18
  9.99121996e-02   0.00000000e+00   9.50166172e-02   2.22958471e-30  -1.77874169e-16   5.72957795e+05   1.11690206e+00  -9.64101937e-17
  1.00535674e-01   0.00000000e+00   9.55795608e-02  -2.90447313e-33   3.11527579e-16   5.72957795e+05   1.11760151e+00  -2.61846721e-17
  1.01163038e-01   0.00000000e+00   9.61456514e-02   4.45441723e-30  -1.39344809e-28   5.72957795e+05   1.11830576e+00  -1.22412421e-16
  1.01794318e-01   0.00000000e+00   9.67149044e-02  -4.53479452e-32   1.41034410e-30   5.72957795e+05   1.11901484e+00   4.24972763e-17
  1.02429536e-01   0.00000000e+00   9.72873350e-02   5.35733773e-30   3.43777814e-17   5.72957795e+05   1.11972879e+00   2.09733515e-17
  1.03068719e-01   0.00000000e+00   9.78629585e-02  -6.31904831e-23   1.32844944e-16   5.72957795e+05   1.12044763e+00  -7.11674387e-17
  1.03711890e-01   0.00000000e+00   9.84417902e-02  -7.87059782e-31   6.80154451e-17   5.72957795e+05   1.12117142e+00   1.37725748e-16
  1.04359075e-01   0.00000000e+00   9.90238457e-02   8.20216256e-23   1.64730742e-16   5.72957795e+05   1.12190019e+00  -1.04861671e-16
  1.05010299e-01   0.00000000e+00   9.96091403e-02  -6.05990092e-23  -1.09471400e-16   5.72957795e+05   1.12263397e+00  -1.73321727e-16
  1.05665586e-01   0.00000000e+00   1.00197690e-01   1.03265737e-30  -9.30243547e-17   5.72957795e+05   1.12337280e+00  -4.79529970e-17
  1.06324962e-01   0.00000000e+00   1.00789509e-01  -8.83398692e-23   6.81964639e-17   5.72957795e+05   1.12411672e+00   1.78428446e-17
  1.06988453e-01   0.00000000e+00   1.01384614e-01  -2.77405976e-31  -6.82392659e-17   5.72957795e+05   1.12486577e+00  -1.73642877e-17
  1.07656084e-01   0.00000000e+00   1.01983021e-01  -5.80818990e-23   1.71424556e-21   5.72957795e+05   1.12561998e+00  -6.06301760e-17
  1.08327882e-01   0.00000000e+00   1.02584744e-01   1.00482620e-32  -1.76352463e-17   5.72957795e+05   1.12637939e+00   1.14885930e-16
  1.09003872e-01   0.00000000e+00   1.03189800e-01   7.48951173e-23  -2.18498134e-21   5.72957795e+05   1.12714405e+00  -6.72385380e-17
  1.09684080e-01   0.00000000e+00   1.03798205e-01  -2.39766386e-31  -1.41302913e-17   5.72957795e+05   1.12791399e+00  -1.75154936e-17
  1.10368532e-01   0.00000000e+00   1.04409974e-01   3.96439358e-31  -2.60666333e-22   5.72957795e+05   1.12868925e+00  -1.28727069e-16
  1.11057256e-01   0.00000000e+00   1.05025123e-01   1.70034978e-30   6.85185670e-17   5.72957795e+05   1.12946987e+00  -2.07435641e-18
  1.11750278e-01   0.00000000e+00   1.05643667e-01   6.51577934e-23  -7.75797238e-17   5.72957795e+05   1.13025590e+00  -1.01142078e-16
  1.12447624e-01   0.00000000e+00   1.06265624e-01  -1.45386335e-30   2.52325847e-22   5.72957795e+05   1.13104736e+00   1.72540523e-16
  1.13149321e-01   0.00000000e+00   1.06891008e-01  -1.48954154e-23   7.43514023e-17   5.72957795e+05   1.13184431e+00  -3.77970608e-17
  1.13855398e-01   0.00000000e+00   1.07519836e-01   7.22183196e-30   2.46925518e-22   5.72957795e+05   1.13264678e+00   3.01293840e-17
  1.14565880e-01   0.00000000e+00   1.08152123e-01  -1.42888873e-30   6.87603082e-17   5.72957795e+05   1.13345482e+00  -5.82973279e-17
  1.15280797e-01   0.00000000e+00   1.08787886e-01  -1.63299028e-30  -6.79758245e-17   5.72957795e+05   1.13426847e+00  -1.24974149e-16
  1.16000174e-01   0.00000000e+00   1.09427141e-01  -2.19496807e-23   3.65327996e-22   5.72957795e+05   1.13508777e+00   1.92281717e-17
  1.16724040e-01   0.00000000e+00   1.10069904e-01   1.03949882e-31   7.35462687e-17   5.72957795e+05   1.13591276e+00   1.32213815e-16
  1.17452424e-01   0.00000000e+00   1.10716191e-01   2.42996542e-31  -6.89600442e-17   5.72957795e+05   1.13674348e+00  -1.74766462e-16
  1.18185353e-01   0.00000000e+00   1.11366018e-01   1.06477502e-22  -2.88164044e-21   5.72957795e+05   1.13757999e+00  -1.80919497e-16
  1.18922855e-01   0.00000000e+00   1.12019401e-01  -7.95398985e-23   5.52141346e-17   5.72957795e+05   1.13842232e+00  -1.16869695e-16
  1.19664960e-01   0.00000000e+00   1.12676357e-01   3.68562870e-23  -6.91140954e-17   5.72957795e+05   1.13927052e+00  -3.72022240e-17
  1.20411695e-01   0.00000000e+00   1.13336902e-01   5.12509224e-30   2.24125718e-22   5.72957795e+05   1.14012463e+00  -1.35436341e-16
  1.21163090e-01   0.00000000e+00   1.14001052e-01   3.05799232e-31   2.27800363e-17   5.72957795e+05   1.14098470e+00   7.80097758e-17
  1.21919175e-01   0.00000000e+00   1.14668823e-01  -1.13169977e-22   4.35765127e-17   5.72957795e+05   1.14185077e+00  -9.91025561e-17
  1.22679977e-01   0.00000000e+00   1.15340232e-01   1.28307120e-22  -1.38648657e-16   5.72957795e+05   1.14272289e+00  -7.02826546e-17
  1.23445527e-01   0.00000000e+00   1.16015296e-01   3.61972011e-23  -9.15945262e-17   5.72957795e+05   1.14360110e+00   7.95620353e-17
  1.24215854e-01   0.00000000e+00   1.16694030e-01  -8.89371794e-23   1.71354106e-17   5.72957795e+05   1.14448545e+00   2.10740704e-16
  1.24990988e-01   0.00000000e+00   1.17376452e-01   3.00023282e-23  -1.01902898e-16   5.72957795e+05   1.14537600e+00   7.73148094e-17
  1.25770959e-01   0.00000000e+00   1.18062577e-01  -4.01501383e-30  -1.99177949e-17   5.72957795e+05   1.14627277e+00   7.08001543e-17
  1.26555797e-01   0.00000000e+00   1.18752422e-01   7.31436708e-23  -9.66090364e-17   5.72957795e+05   1.14717583e+00   1.10245512e-16
  1.27345533e-01   0.00000000e+00   1.19446004e-01   4.81707731e-31  -2.03593816e-22   5.72957795e+05   1.14808523e+00  -1.41387432e-16
  1.28140197e-01   0.00000000e+00   1.20143339e-01  -7.20421560e-33  -4.79809439e-17   5.72957795e+05   1.14900100e+00  -1.95922367e-16
  1.28939820e-01   0.00000000e+00   1.20844443e-01   2.70488849e-31   6.97593401e-17   5.72957795e+05   1.14992320e+00  -1.50970513e-16
  1.29744432e-01   0.00000000e+00   1.21549335e-01   8.43789888e-32  -1.65394467e-17   5.72957795e+05   1.15085188e+00  -1.59471066e-16
  1.30554066e-01   0.00000000e+00   1.22258029e-01   1.02954868e-22  -1.25793309e-16   5.72957795e+05   1.15178709e+00   1.73305899e-16
  1.31368752e-01   0.00000000e+00   1.22970543e-01  -6.31276257e-31   4.06963271e-17   5.72957795e+05   1.15272887e+00   1.73594285e-16
  1.32188522e-01   0.00000000e+00   1.23686893e-01  -3.38995428e-33   6.99874594e-17   5.72957795e+05   1.15367729e+00   1.75154620e-16
  1.33013407e-01   0.00000000e+00   1.24407097e-01   2.51862561e-30   7.00450170e-17   5.72957795e+05   1.15463239e+00   1.71470479e-16
  1.33843440e-01   0.00000000e+00   1.25131170e-01  -1.76011364e-30   4.04104087e-18   5.72957795e+05   1.15559422e+00  -9.93417990e-17
  1.34678652e-01   0.00000000e+00   1.25859129e-01  -1.54526546e-22   7.17832383e-17   5.72957795e+05   1.15656283e+00   1.33830448e-16
  1.35519076e-01   0.00000000e+00   1.26590992e-01  -3.13846965e-30   1.39661326e-16   5.72957795e+05   1.15753828e+00   1.24796866e-17
  1.36364745e-01   0.00000000e+00   1.27326776e-01  -3.42574910e-23  -2.07685819e-16   5.72957795e+05   1.15852062e+00   4.82869947e-17
  1.37215691e-01   0.00000000e+00   1.28066496e-01   1.01590359e-22  -2.39721673e-21   5.72957795e+05   1.15950991e+00   1.76926184e-17
  1.38071946e-01   0.00000000e+00   1.28810169e-01   1.86957756e-31   7.82357050e-17   5.72957795e+05   1.16050619e+00   1.87581475e-16
  1.38933546e-01   0.00000000e+00   1.29557813e-01  -9.59308433e-31  -7.04622100e-17   5.72957795e+05   1.16150952e+00   5.23208708e-17
  1.39800521e-01   0.00000000e+00   1.30309445e-01   6.91075695e-24  -5.81050979e-17   5.72957795e+05   1.16251996e+00   7.31309342e-17
  1.40672907e-01   0.00000000e+00   1.31065081e-01   2.24449750e-30  -5.17783489e-29   5.72957795e+05   1.16353757e+00   4.99784734e-17
  1.41550737e-01   0.00000000e+00   1.31824737e-01  -2.84565427e-31  -7.06474085e-17   5.72957795e+05   1.16456239e+00   1.20390878e-16
  1.42434044e-01   0.00000000e+00   1.32588432e-01  -3.52309352e-23  -8.98350893e-17   5.72957795e+05   1.16559449e+00  -8.10186164e-17
  1.43322864e-01   0.00000000e+00   1.33356182e-01   1.22579219e-30  -4.94556794e-17   5.72957795e+05   1.16663391e+00  -1.20196122e-16
  1.44217230e-01   0.00000000e+00   1.34128003e-01  -1.77201030e-22   3.99667851e-21   5.72957795e+05   1.16768073e+00  -5.44364467e-17
  1.45117177e-01   0.00000000e+00   1.34903913e-01   9.03026911e-32   9.65364980e-17   5.72957795e+05   1.16873500e+00   8.86049154e-17
  1.46022740e-01   0.00000000e+00   1.35683929e-01  -9.08916795e-31  -3.23118293e-22   5.72957795e+05   1.16979677e+00   1.63856348e-17
  1.46933953e-01   0.00000000e+00   1.36468067e-01  -8.23814952e-24   7.10299988e-17   5.72957795e+05   1.17086610e+00  -7.28031864e-19
  1.47850853e-01   0.00000000e+00   1.37256345e-01   1.18280291e-22  -2.60843395e-21   5.72957795e+05   1.17194306e+00  -1.18298390e-16
  1.48773475e-01   0.00000000e+00   1.38048779e-01   1.35431471e-30  -2.96995981e-29   5.72957795e+05   1.17302771e+00  -1.11754455e-16
  1.49701854e-01   0.00000000e+00   1.38845387e-01   4.56616435e-30  -9.95744739e-29   5.72957795e+05   1.17412010e+00   2.23170647e-17
  1.50636026e-01   0.00000000e+00   1.39646185e-01  -2.06937492e-32   7.12939580e-17   5.72957795e+05   1.17522029e+00  -2.49111478e-17
  1.51576028e-01   0.00000000e+00   1.40451190e-01  -3.31394414e-31   6.25168695e-17   5.72957795e+05   1.17632836e+00  -1.58425538e-16
  1.52521896e-01   0.00000000e+00   1.41260420e-01  -6.16681495e-30  -1.72195762e-16   5.72957795e+05   1.17744435e+00   9.81030784e-17
  1.53473666e-01   0.00000000e+00   1.42073890e-01  -4.99644424e-23   1.06546638e-21   5.72957795e+05   1.17856834e+00  -4.08295018e-17
  1.54431375e-01   0.00000000e+00   1.42891619e-01  -1.00222597e-31   7.15657375e-17   5.72957795e+05   1.17970038e+00  -5.39845285e-17
  1.55395060e-01   0.00000000e+00   1.43713623e-01   1.00002349e-22  -2.36946323e-17   5.72957795e+05   1.18084054e+00   2.04701222e-16
  1.56364759e-01   0.00000000e+00   1.44539919e-01  -1.18954370e-22  -1.43406929e-16   5.72957795e+05   1.18198889e+00   3.00437551e-17
  1.57340510e-01   0.00000000e+00   1.45370525e-01  -4.31491210e-23   2.00234435e-17   5.72957795e+05   1.18314549e+00  -1.38222063e-16
  1.58322349e-01   0.00000000e+00   1.46205456e-01   3.70820210e-31  -7.69026967e-30   5.72957795e+05   1.18431041e+00  -7.67720333e-17
  1.59310315e-01   0.00000000e+00   1.47044730e-01   1.05169809e-30  -2.16897998e-29   5.72957795e+05   1.18548370e+00  -1.48266574e-16
  1.60304446e-01   0.00000000e+00   1.47888364e-01   1.11018840e-22   1.43974532e-16   5.72957795e+05   1.18666545e+00   1.89076929e-16
  1.61304781e-01   0.00000000e+00   1.48736374e-01   5.51384675e-24  -1.12460043e-22   5.72957795e+05   1.18785571e+00  -1.17138567e-16
  1.62311358e-01   0.00000000e+00   1.49588779e-01  -1.02585893e-22  -7.21311180e-17   5.72957795e+05   1.18905456e+00   1.13735080e-17
  1.63324216e-01   0.00000000e+00   1.50445593e-01   9.93367879e-31   7.22064507e-17   5.72957795e+05   1.19026206e+00  -1.95899322e-17
  1.64343395e-01   0.00000000e+00   1.51306836e-01  -1.97264268e-23   1.54768084e-17   5.72957795e+05   1.19147829e+00  -1.23784243e-16
  1.65368934e-01   0.00000000e+00   1.52172523e-01   9.56672073e-23   7.23526378e-17   5.72957795e+05   1.19270331e+00  -1.09107376e-16
  1.66400872e-01   0.00000000e+00   1.53042670e-01   1.77627835e-30  -1.53620562e-16   5.72957795e+05   1.19393720e+00   7.72164818e-17
  1.67439250e-01   0.00000000e+00   1.53917296e-01   2.03800247e-23   7.25046488e-17   5.72957795e+05   1.19518002e+00  -1.10774196e-16
  1.68484107e-01   0.00000000e+00   1.54796417e-01  -3.60304972e-23   1.08878899e-18   5.72957795e+05   1.19643184e+00  -1.24028079e-16
  1.69535485e-01   0.00000000e+00   1.55680050e-01  -1.41510924e-31  -1.44780231e-16   5.72957795e+05   1.19769275e+00   1.35832345e-17
  1.70593423e-01   0.00000000e+00   1.56568210e-01  -4.43362783e-31   8.60438694e-30   5.72957795e+05   1.19896282e+00  -8.92668720e-18
  1.71657964e-01   0.00000000e+00   1.57460916e-01   3.24418072e-31   7.28118797e-17   5.72957795e+05   1.20024211e+00  -7.31842470e-17
  1.72729147e-01   0.00000000e+00   1.58358184e-01  -6.95065743e-23   1.33418475e-21   5.72957795e+05   1.20153071e+00  -7.78276042e-18
  1.73807014e-01   0.00000000e+00   1.59260031e-01   6.02856189e-23   6.60964913e-17   5.72957795e+05   1.20282868e+00  -1.35004783e-17
  1.74891608e-01   0.00000000e+00   1.60166473e-01   3.12866436e-32   1.54514513e-16   5.72957795e+05   1.20413611e+00   1.31219458e-16
  1.75982970e-01   0.00000000e+00   1.61077527e-01   2.36406359e-30  -4.46386880e-29   5.72957795e+05   1.20545307e+00  -9.16392678e-17
  1.77081142e-01   0.00000000e+00   1.61993209e-01   7.02162671e-31  -6.17402264e-17   5.72957795e+05   1.20677964e+00  -1.46184502e-16
  1.78186167e-01   0.00000000e+00   1.62913537e-01   2.60421284e-23  -1.33607417e-16   5.72957795e+05   1.20811590e+00  -3.06858637e-17
  1.79298088e-01   0.00000000e+00   1.63838526e-01  -1.03618612e-22   1.44642297e-17   5.72957795e+05   1.20946192e+00   1.19692039e-17
  1.80416947e-01   0.00000000e+00   1.64768194e-01   1.19175934e-23   8.41440915e-24   5.72957795e+05   1.21081780e+00  -8.92118610e-17
  1.81542788e-01   0.00000000e+00   1.65702557e-01   6.91673297e-30  -1.27088564e-28   5.72957795e+05   1.21218360e+00   7.55890605e-18
  1.82675655e-01   0.00000000e+00   1.66641630e-01   1.35636078e-30  -2.47867132e-29   5.72957795e+05   1.21355941e+00   1.05922082e-17
  1.83815591e-01   0.00000000e+00   1.67585431e-01   5.77672241e-31  -7.37038345e-17   5.72957795e+05   1.21494531e+00  -7.93206095e-17
  1.84962640e-01   0.00000000e+00   1.68533977e-01  -7.98345840e-31   1.44317524e-29   5.72957795e+05   1.21634138e+00  -8.68087826e-18
  1.86116848e-01   0.00000000e+00   1.69487282e-01   4.11562101e-31  -7.38738398e-17   5.72957795e+05   1.21774772e+00   5.90443660e-18
  1.87278257e-01   0.00000000e+00   1.70445365e-01  -2.00904928e-30   3.59263739e-29   5.72957795e+05   1.21916439e+00   8.68907773e-17
  1.88446915e-01   0.00000000e+00   1.71408240e-01   1.53909259e-30   9.62903979e-17   5.72957795e+05   1.22059150e+00   2.06840819e-18
  1.89622864e-01   0.00000000e+00   1.72375924e-01  -3.87558930e-23  -2.72732683e-17   5.72957795e+05   1.22202911e+00  -3.12748975e-18
  1.90806153e-01   0.00000000e+00   1.73348433e-01   8.66287655e-23   1.19807273e-16   5.72957795e+05   1.22347733e+00  -8.29830447e-17
  1.91996825e-01   0.00000000e+00   1.74325783e-01   2.90248573e-30  -5.07942649e-29   5.72957795e+05   1.22493624e+00   1.64418952e-17
  1.93194927e-01   0.00000000e+00   1.75307991e-01   4.52374318e-23  -5.82375712e-22   5.72957795e+05   1.22640593e+00   3.07705733e-17
  1.94400505e-01   0.00000000e+00   1.76295072e-01   2.22806968e-23  -7.44892838e-17   5.72957795e+05   1.22788648e+00  -3.92986347e-17
  1.95613607e-01   0.00000000e+00   1.77287042e-01   3.51199664e-31   3.39568218e-17   5.72957795e+05   1.22937799e+00   7.98989017e-17
  1.96834279e-01   0.00000000e+00   1.78283918e-01   3.35885001e-30   3.52589226e-17   5.72957795e+05   1.23088055e+00   1.16730335e-16
  1.98062567e-01   0.00000000e+00   1.79285714e-01  -6.60849705e-23   3.82140543e-17   5.72957795e+05   1.23239425e+00  -7.18673279e-17
  1.99298521e-01   0.00000000e+00   1.80292446e-01   1.01564851e-30   3.78290961e-17   5.72957795e+05   1.23391918e+00   2.19953998e-16
  2.00542187e-01   0.00000000e+00   1.81304131e-01  -5.67894175e-24   9.57209724e-23   5.72957795e+05   1.23545544e+00  -1.40114244e-17
  2.01793615e-01   0.00000000e+00   1.82320784e-01  -2.59804034e-31   1.91512397e-22   5.72957795e+05   1.23700313e+00  -2.99277959e-18
  2.03052851e-01   0.00000000e+00   1.83342420e-01   2.33238209e-31  -7.51365385e-17   5.72957795e+05   1.23856233e+00  -8.64527514e-17
  2.04319945e-01   0.00000000e+00   1.84369055e-01  -1.08836260e-23  -3.23911802e-17   5.72957795e+05   1.24013315e+00  -2.16628754e-17
  2.05594946e-01   0.00000000e+00   1.85400704e-01   8.63404595e-23   7.53264089e-17   5.72957795e+05   1.24171568e+00   5.32897283e-17
  2.06877903e-01   0.00000000e+00   1.86437382e-01   8.35443631e-23   1.05563834e-16   5.72957795e+05   1.24331002e+00   9.03627042e-18
  2.08168867e-01   0.00000000e+00   1.87479106e-01   1.02153860e-30  -1.66775489e-29   5.72957795e+05   1.24491628e+00  -1.10499285e-16
  2.09467886e-01   0.00000000e+00   1.88525889e-01   7.66362667e-32   7.56201654e-17   5.72957795e+05   1.24653454e+00  -2.79414353e-17
  2.10775011e-01   0.00000000e+00   1.89577747e-01  -2.05696820e-31   3.32283268e-30   5.72957795e+05   1.24816492e+00   1.87756126e-17
  2.12090293e-01   0.00000000e+00   1.90634696e-01  -3.81218296e-24   5.15332274e-17   5.72957795e+05   1.24980752e+00  -1.95086100e-16
  2.13413783e-01   0.00000000e+00   1.91696749e-01   4.16360775e-31  -1.00617909e-16   5.72957795e+05   1.25146243e+00   5.95505881e-17
  2.14745532e-01   0.00000000e+00   1.92763922e-01   3.28869046e-31   2.36410375e-17   5.72957795e+05   1.25312977e+00  -1.47679674e-16
  2.16085591e-01   0.00000000e+00   1.93836229e-01   9.17641030e-24   7.61220210e-17   5.72957795e+05   1.25480963e+00   1.31187844e-16
  2.17434012e-01   0.00000000e+00   1.94913685e-01  -5.27114481e-23   8.29371832e-22   5.72957795e+05   1.25650214e+00  -6.19447302e-17
  2.18790848e-01   0.00000000e+00   1.95996305e-01  -2.47244737e-22   3.70080156e-21   5.72957795e+05   1.25820738e+00   7.66247476e-17
  2.20156151e-01   0.00000000e+00   1.97084102e-01  -1.09274548e-31   1.70141863e-30   5.72957795e+05   1.25992548e+00   4.24103648e-18
  2.21529973e-01   0.00000000e+00   1.98177093e-01   9.15982438e-37  -1.71573287e-16   5.72957795e+05   1.26165654e+00   6.23716724e-19
  2.22912368e-01   0.00000000e+00   1.99275289e-01   6.68189289e-23  -5.91466156e-17   5.72957795e+05   1.26340067e+00  -6.15184953e-17
  2.24303390e-01   0.00000000e+00   2.00378707e-01   1.50197705e-31   6.02433748e-17   5.72957795e+05   1.26515799e+00   9.07551345e-17
  2.25703093e-01   0.00000000e+00   2.01487358e-01   5.73890912e-23  -8.75098229e-22   5.72957795e+05   1.26692861e+00  -1.03507450e-16
  2.27111529e-01   0.00000000e+00   2.02601259e-01  -1.86920261e-32  -6.24144587e-17   5.72957795e+05   1.26871264e+00   8.15820386e-17
  2.28528755e-01   0.00000000e+00   2.03720422e-01   1.01902995e-23   9.06610926e-17   5.72957795e+05   1.27051020e+00  -1.23902714e-16
  2.29954824e-01   0.00000000e+00   2.04844861e-01   4.74246759e-31   3.85924076e-17   5.72957795e+05   1.27232140e+00   5.25170318e-17
  2.31389792e-01   0.00000000e+00   2.05974589e-01  -1.08174382e-31   7.72953669e-17   5.72957795e+05   1.27414636e+00   1.16474416e-16
  2.32833715e-01   0.00000000e+00   2.07109621e-01   6.05061220e-31  -3.87033818e-17   5.72957795e+05   1.27598521e+00  -6.49836425e-17
  2.34286648e-01   0.00000000e+00   2.08249969e-01  -1.75697793e-31   9.81402125e-18   5.72957795e+05   1.27783806e+00   7.50641219e-17
  2.35748648e-01   0.00000000e+00   2.09395646e-01   2.16965414e-31  -1.77832998e-17   5.72957795e+05   1.27970503e+00   1.37885959e-16
  2.37219771e-01   0.00000000e+00   2.10546666e-01   1.88612733e-30  -2.75952063e-29   5.72957795e+05   1.28158624e+00   6.42251710e-18
  2.38700075e-01   0.00000000e+00   2.11703042e-01  -3.47357142e-31  -3.89307696e-17   5.72957795e+05   1.28348182e+00  -9.97050415e-17
  2.40189615e-01   0.00000000e+00   2.12864786e-01  -2.67865104e-31  -3.89888530e-17   5.72957795e+05   1.28539190e+00   1.51398092e-16
  2.41688451e-01   0.00000000e+00   2.14031910e-01  -1.20474264e-31   1.73571731e-30   5.72957795e+05   1.28731660e+00   1.76059792e-16
  2.43196640e-01   0.00000000e+00   2.15204429e-01  -5.15056060e-23  -1.21716040e-16   5.72957795e+05   1.28925605e+00  -2.74199246e-17
  2.44714240e-01   0.00000000e+00   2.16382352e-01   3.06313678e-31   3.91651923e-17   5.72957795e+05   1.29121037e+00  -1.12661980e-16
  2.46241310e-01   0.00000000e+00   2.17565694e-01   5.67025342e-23  -8.04530646e-22   5.72957795e+05   1.29317970e+00  -2.29169387e-17
  2.47777910e-01   0.00000000e+00   2.18754466e-01  -1.25835986e-31   1.77638731e-30   5.72957795e+05   1.29516417e+00  -1.07837872e-17
  2.49324098e-01   0.00000000e+00   2.19948680e-01  -8.07824013e-31  -4.02869424e-17   5.72957795e+05   1.29716391e+00   1.11630605e-17
  2.50879935e-01   0.00000000e+00   2.21148348e-01  -5.66196872e-23  -3.94061079e-17   5.72957795e+05   1.29917906e+00   8.83701701e-17
  2.52445480e-01   0.00000000e+00   2.22353481e-01  -2.00723812e-31   7.44493034e-19   5.72957795e+05   1.30120975e+00  -6.84679057e-17
  2.54020795e-01   0.00000000e+00   2.23564091e-01  -2.93495868e-30  -3.79538246e-17   5.72957795e+05   1.30325611e+00   1.17675336e-16
  2.55605941e-01   0.00000000e+00   2.24780189e-01   2.59069430e-32  -3.56590991e-31   5.72957795e+05   1.30531830e+00  -6.81206279e-17
  2.57200978e-01   0.00000000e+00   2.26001786e-01   2.04529563e-31   3.96561493e-17   5.72957795e+05   1.30739644e+00  -7.14276047e-17
  2.58805968e-01   0.00000000e+00   2.27228893e-01  -1.21209594e-30  -4.77864937e-17   5.72957795e+05   1.30949068e+00  -1.63528763e-16
  2.60420974e-01   0.00000000e+00   2.28461521e-01  -3.92222998e-23   5.31799092e-22   5.72957795e+05   1.31160116e+00  -5.60398832e-17
  2.62046057e-01   0.00000000e+00   2.29699681e-01   6.47904299e-31  -1.29256207e-22   5.72957795e+05   1.31372802e+00  -1.03250817e-16
  2.63681282e-01   0.00000000e+00   2.30943382e-01   8.38806877e-23  -3.99143390e-17   5.72957795e+05   1.31587142e+00  -2.18209940e-17
  2.65326711e-01   0.00000000e+00   2.32192636e-01   6.45689507e-31  -7.21761378e-18   5.72957795e+05   1.31803149e+00   9.43431003e-18
  2.66982407e-01   0.00000000e+00   2.33447451e-01  -1.86102385e-31  -4.00447624e-17   5.72957795e+05   1.32020839e+00   9.14862345e-18
  2.68648436e-01   0.00000000e+00   2.34707839e-01   6.16515914e-31  -5.39057710e-17   5.72957795e+05   1.32240227e+00   2.16389693e-16
  2.70324861e-01   0.00000000e+00   2.35973808e-01  -1.28654314e-24  -8.03569738e-17   5.72957795e+05   1.32461328e+00  -9.95963783e-17
  2.72011747e-01   0.00000000e+00   2.37245368e-01   2.35476860e-31  -1.80623898e-16   5.72957795e+05   1.32684157e+00  -6.60701560e-17
  2.73709160e-01   0.00000000e+00   2.38522529e-01  -1.54783944e-31  -1.81946994e-17   5.72957795e+05   1.32908730e+00  -1.48135652e-17
  2.75417165e-01   0.00000000e+00   2.39805298e-01   1.90769782e-23   1.37909510e-16   5.72957795e+05   1.33135062e+00   4.84354028e-17
  2.77135828e-01   0.00000000e+00   2.41093686e-01  -7.11772023e-23   4.04530761e-17   5.72957795e+05   1.33363169e+00  -3.51010824e-17
  2.78865216e-01   0.00000000e+00   2.42387701e-01  -2.15281030e-30   1.35495535e-16   5.72957795e+05   1.33593068e+00   2.48933817e-17
  2.80605396e-01   0.00000000e+00   2.43687351e-01  -4.91405170e-31  -9.37162537e-17   5.72957795e+05   1.33824775e+00   1.31254135e-16
  2.82356435e-01   0.00000000e+00   2.44992644e-01  -6.07165814e-31  -1.33134048e-16   5.72957795e+05   1.34058305e+00  -1.39720939e-17
  2.84118401e-01   0.00000000e+00   2.46303589e-01   5.99830764e-32   3.09643709e-17   5.72957795e+05   1.34293675e+00   1.14439857e-16
  2.85891362e-01   0.00000000e+00   2.47620193e-01  -8.98014882e-23   4.92123107e-17   5.72957795e+05   1.34530903e+00  -1.70434728e-16
  2.87675386e-01   0.00000000e+00   2.48942463e-01  -8.88842980e-31  -4.08786413e-17   5.72957795e+05   1.34770004e+00   1.17018160e-16
  2.89470544e-01   0.00000000e+00   2.50270407e-01  -3.46515353e-31   4.32114279e-30   5.72957795e+05   1.35010996e+00   1.49679910e-16
  2.91276903e-01   0.00000000e+00   2.51604032e-01   1.80423076e-25   8.20508300e-17   5.72957795e+05   1.35253897e+00   7.43189673e-17
  2.93094535e-01   0.00000000e+00   2.52943345e-01  -7.53325019e-23   8.52534459e-17   5.72957795e+05   1.35498723e+00  -2.56002127e-16
  2.94923508e-01   0.00000000e+00   2.54288352e-01  -5.56931905e-33   4.29153589e-17   5.72957795e+05   1.35745492e+00  -9.42172713e-17
  2.96763896e-01   0.00000000e+00   2.55639060e-01   2.18759494e-23  -4.16890257e-17   5.72957795e+05   1.35994222e+00   1.91506182e-16
  2.98615767e-01   0.00000000e+00   2.56995475e-01   1.03160420e-30  -1.25588632e-29   5.72957795e+05   1.36244931e+00  -5.52708548e-17
  3.00479195e-01   0.00000000e+00   2.58357601e-01  -1.01725523e-23  -8.98046365e-23   5.72957795e+05   1.36497637e+00   4.13770886e-17
  3.02354251e-01   0.00000000e+00   2.59725446e-01   1.52498628e-30   3.80714685e-17   5.72957795e+05   1.36752359e+00  -6.85384950e-17
  3.04241007e-01   0.00000000e+00   2.61099014e-01   1.70519769e-24  -2.04647578e-23   5.72957795e+05   1.37009114e+00  -1.36519021e-16
  3.06139538e-01   0.00000000e+00   2.62478310e-01  -2.55742142e-23  -4.16360068e-17   5.72957795e+05   1.37267922e+00  -5.97086625e-17
  3.08049915e-01   0.00000000e+00   2.63863339e-01   6.11997347e-32   4.17154427e-17   5.72957795e+05   1.37528803e+00  -8.86447338e-17
  3.09972214e-01   0.00000000e+00   2.65254106e-01  -6.09002972e-23   7.20594119e-22   5.72957795e+05   1.37791774e+00  -2.88220688e-17
  3.11906508e-01   0.00000000e+00   2.66650614e-01  -5.93528424e-23   4.18763110e-17   5.72957795e+05   1.38056855e+00   1.99009406e-16
  3.13852873e-01   0.00000000e+00   2.68052867e-01   2.33899079e-30  -6.22112350e-17   5.72957795e+05   1.38324066e+00   1.47725613e-16
  3.15811383e-01   0.00000000e+00   2.69460870e-01  -5.99793232e-23  -1.20597742e-17   5.72957795e+05   1.38593427e+00  -1.49602606e-16
  3.17782116e-01   0.00000000e+00   2.70874624e-01  -3.83372531e-32  -2.88595100e-17   5.72957795e+05   1.38864957e+00   1.94964850e-16
  3.19765145e-01   0.00000000e+00   2.72294134e-01   1.34628473e-30  -6.99536988e-17   5.72957795e+05   1.39138677e+00   3.92559791e-17
  3.21760550e-01   0.00000000e+00   2.73719403e-01  -1.35349699e-31   2.66492744e-17   5.72957795e+05   1.39414608e+00   7.25618825e-17
  3.23768406e-01   0.00000000e+00   2.75150431e-01  -5.05918101e-23   5.79371488e-22   5.72957795e+05   1.39692770e+00   2.21881011e-16
  3.25788791e-01   0.00000000e+00   2.76587222e-01   1.63297279e-23  -8.49141262e-17   5.72957795e+05   1.39973183e+00  -9.77113688e-17
  3.27821785e-01   0.00000000e+00   2.78029777e-01   1.08171456e-31  -4.25426193e-17   5.72957795e+05   1.40255870e+00  -9.41636470e-18
  3.29867464e-01   0.00000000e+00   2.79478097e-01   7.11606153e-32  -1.07590895e-16   5.72957795e+05   1.40540851e+00   4.31978540e-17
  3.31925909e-01   0.00000000e+00   2.80932185e-01  -1.26287199e-22  -6.39896438e-17   5.72957795e+05   1.40828148e+00  -6.03208173e-17
  3.33997199e-01   0.00000000e+00   2.82392040e-01   5.28988020e-23  -5.92031317e-22   5.72957795e+05   1.41117782e+00   4.21316223e-17
  3.36081415e-01   0.00000000e+00   2.83857663e-01   8.52516134e-23   8.57842974e-17   5.72957795e+05   1.41409777e+00  -1.11882241e-17
  3.38178636e-01   0.00000000e+00   2.85329054e-01  -2.38639888e-30   2.64660782e-29   5.72957795e+05   1.41704154e+00   9.94678836e-17
  3.40288945e-01   0.00000000e+00   2.86806212e-01  -1.51241621e-30   1.66974540e-29   5.72957795e+05   1.42000935e+00   2.22537760e-16
  3.42412422e-01   0.00000000e+00   2.88289138e-01   2.44153983e-30  -1.61039977e-17   5.72957795e+05   1.42300144e+00  -6.42661594e-17
  3.44549151e-01   0.00000000e+00   2.89777831e-01   1.97447207e-23  -1.01601779e-16   5.72957795e+05   1.42601804e+00   6.08752035e-17
  3.46699213e-01   0.00000000e+00   2.91272288e-01   1.93327559e-31  -1.40894572e-17   5.72957795e+05   1.42905937e+00   1.53053908e-16
  3.48862691e-01   0.00000000e+00   2.92772508e-01  -5.76532723e-24   4.34395107e-17   5.72957795e+05   1.43212568e+00   1.05559908e-16
  3.51039671e-01   0.00000000e+00   2.94278490e-01   8.94647482e-32   8.70664412e-17   5.72957795e+05   1.43521721e+00  -7.95027451e-17
  3.53230235e-01   0.00000000e+00   2.95790231e-01  -4.81191756e-23  -4.36272480e-17   5.72957795e+05   1.43833418e+00   8.59331357e-17
  3.55434469e-01   0.00000000e+00   2.97307728e-01   1.91277855e-23   8.74461439e-17   5.72957795e+05   1.44147686e+00  -1.24703710e-16
  3.57652458e-01   0.00000000e+00   2.98830977e-01  -3.84881864e-23  -4.38187901e-17   5.72957795e+05   1.44464548e+00   1.95666379e-16
  3.59884287e-01   0.00000000e+00   3.00359976e-01  -1.61420423e-31  -9.60504548e-17   5.72957795e+05   1.44784030e+00  -2.28022465e-17
  3.62130044e-01   0.00000000e+00   3.01894721e-01  -1.73983910e-30  -8.80276262e-17   5.72957795e+05   1.45106156e+00  -2.10784469e-16
  3.64389814e-01   0.00000000e+00   3.03435207e-01  -7.20915801e-23  -4.41115727e-17   5.72957795e+05   1.45430952e+00  -4.55085441e-17
  3.66663686e-01   0.00000000e+00   3.04981428e-01  -2.69937573e-23   9.37979720e-17   5.72957795e+05   1.45758444e+00   1.51416727e-16
  3.68951748e-01   0.00000000e+00   3.06533381e-01  -8.62153418e-23   4.87517553e-17   5.72957795e+05   1.46088657e+00  -2.68897644e-16
  3.71254087e-01   0.00000000e+00   3.08091060e-01  -1.77389201e-31   1.61156585e-22   5.72957795e+05   1.46421619e+00  -1.05160268e-17
  3.73570794e-01   0.00000000e+00   3.09654458e-01  -3.38851803e-23  -4.45143069e-17   5.72957795e+05   1.46757356e+00  -4.67184609e-17
  3.75901957e-01   0.00000000e+00   3.11223570e-01   2.73379538e-32  -2.81239172e-31   5.72957795e+05   1.47095895e+00   5.32476809e-17
  3.78247668e-01   0.00000000e+00   3.12798388e-01  -1.13451086e-22  -4.54796010e-17   5.72957795e+05   1.47437262e+00  -3.02284198e-17
  3.80608016e-01   0.00000000e+00   3.14378904e-01  -3.35013310e-23   4.48257954e-17   5.72957795e+05   1.47781487e+00   2.22263659e-17
  3.82983093e-01   0.00000000e+00   3.15965112e-01  -1.44654857e-31  -4.49305829e-17   5.72957795e+05   1.48128596e+00   1.04000124e-16
  3.85372991e-01   0.00000000e+00   3.17557004e-01   4.89733821e-23   3.87499877e-18   5.72957795e+05   1.48478617e+00   1.14705351e-16
  3.87777803e-01   0.00000000e+00   3.19154570e-01  -2.55427056e-32   4.51438129e-17   5.72957795e+05   1.48831580e+00   2.46008019e-17
  3.90197621e-01   0.00000000e+00   3.20757801e-01  -1.62877145e-23  -3.70793465e-18   5.72957795e+05   1.49187513e+00  -1.38356867e-16
  3.92632539e-01   0.00000000e+00   3.22366688e-01  -1.96483281e-30  -4.53606465e-17   5.72957795e+05   1.49546445e+00   5.80548237e-17
  3.95082652e-01   0.00000000e+00   3.23981222e-01  -8.38075390e-23   8.54845289e-17   5.72957795e+05   1.49908406e+00  -4.95933519e-17
  3.97548054e-01   0.00000000e+00   3.25601390e-01   2.68413835e-31  -4.55811549e-17   5.72957795e+05   1.50273425e+00  -2.03532051e-16
  4.00028841e-01   0.00000000e+00   3.27227184e-01  -1.68662667e-31  -5.28787011e-17   5.72957795e+05   1.50641533e+00  -1.83698144e-16
  4.02525108e-01   0.00000000e+00   3.28858590e-01  -3.84109671e-23   7.55263192e-17   5.72957795e+05   1.51012760e+00  -2.10360963e-16
  4.05036953e-01   0.00000000e+00   3.30495598e-01   1.49225568e-31  -7.40495768e-17   5.72957795e+05   1.51387138e+00   2.10223811e-16
  4.07564472e-01   0.00000000e+00   3.32138194e-01   2.49357367e-30   5.57747605e-17   5.72957795e+05   1.51764697e+00  -1.53606558e-16
  4.10107763e-01   0.00000000e+00   3.33786366e-01  -6.20720860e-23  -2.11665791e-17   5.72957795e+05   1.52145469e+00  -1.29914340e-16
  4.12666925e-01   0.00000000e+00   3.35440100e-01  -2.66516804e-31   4.62654658e-17   5.72957795e+05   1.52529486e+00  -4.99109905e-17
  4.15242057e-01   0.00000000e+00   3.37099383e-01   1.60787623e-30  -5.86374321e-17   5.72957795e+05   1.52916780e+00  -5.65507119e-17
  4.17833258e-01   0.00000000e+00   3.38764200e-01   6.60964611e-32   1.30832536e-17   5.72957795e+05   1.53307384e+00   1.51013872e-16
  4.20440629e-01   0.00000000e+00   3.40434536e-01  -4.35400724e-31   4.15627930e-30   5.72957795e+05   1.53701331e+00   7.27003212e-18
  4.23064271e-01   0.00000000e+00   3.42110376e-01   7.73499499e-31  -7.35425568e-30   5.72957795e+05   1.54098655e+00  -1.91793097e-16
  4.25704284e-01   0.00000000e+00   3.43791702e-01   2.99780371e-31   4.68631156e-17   5.72957795e+05   1.54499389e+00  -5.94347331e-17
  4.28360772e-01   0.00000000e+00   3.45478500e-01   2.99130675e-23  -2.82155594e-22   5.72957795e+05   1.54903568e+00   4.86016249e-17
  4.31033837e-01   0.00000000e+00   3.47170751e-01  -9.43713436e-23  -3.43264258e-17   5.72957795e+05   1.55311226e+00  -1.32393072e-16
  4.33723582e-01   0.00000000e+00   3.48868438e-01  -2.77242226e-23  -1.12435523e-16   5.72957795e+05   1.55722398e+00  -1.92011928e-16
  4.36430112e-01   0.00000000e+00   3.50571543e-01   9.76800065e-24  -2.85918466e-17   5.72957795e+05   1.56137120e+00  -1.19162919e-16
  4.39153531e-01   0.00000000e+00   3.52280047e-01  -8.75755641e-31   8.13207985e-30   5.72957795e+05   1.56555428e+00   1.08606973e-16
  4.41893945e-01   0.00000000e+00   3.53993930e-01  -1.57176341e-31  -2.03573124e-17   5.72957795e+05   1.56977358e+00   1.22030946e-16
  4.44651460e-01   0.00000000e+00   3.55713173e-01   8.15202842e-31  -4.77436896e-17   5.72957795e+05   1.57402946e+00  -1.59375288e-16
  4.47426182e-01   0.00000000e+00   3.57437755e-01  -9.57789912e-33  -2.19325190e-17   5.72957795e+05   1.57832231e+00  -1.29871796e-16
  4.50218219e-01   0.00000000e+00   3.59167654e-01  -4.49056675e-31   7.32958225e-17   5.72957795e+05   1.58265248e+00  -4.58081121e-17
  4.53027679e-01   0.00000000e+00   3.60902850e-01   5.10633783e-35  -4.65153575e-34   5.72957795e+05   1.58702038e+00  -6.20148344e-17
  4.55854671e-01   0.00000000e+00   3.62643319e-01   2.21019819e-31   7.22731316e-17   5.72957795e+05   1.59142637e+00   1.59814684e-16
  4.58699304e-01   0.00000000e+00   3.64389039e-01   1.81981466e-31  -4.84061852e-17   5.72957795e+05   1.59587085e+00   5.58796310e-18
  4.61561687e-01   0.00000000e+00   3.66139985e-01   2.31354568e-31   5.16241983e-17   5.72957795e+05   1.60035422e+00   1.83079971e-16
  4.64441933e-01   0.00000000e+00   3.67896135e-01  -7.79979076e-31   1.23534061e-22   5.72957795e+05   1.60487686e+00   1.73711560e-17
  4.67340152e-01   0.00000000e+00   3.69657463e-01   1.32995668e-30  -1.18904787e-29   5.72957795e+05   1.60943920e+00   1.15983537e-16
  4.70256457e-01   0.00000000e+00   3.71423943e-01  -1.48559218e-22  -4.89560198e-17   5.72957795e+05   1.61404162e+00   1.30540869e-16
  4.73190960e-01   0.00000000e+00   3.73195550e-01   3.59580857e-31  -3.19130435e-30   5.72957795e+05   1.61868455e+00  -4.11567293e-17
  4.76143775e-01   0.00000000e+00   3.74972256e-01  -3.54491085e-31   3.92463248e-17   5.72957795e+05   1.62336841e+00  -2.68206014e-17
  4.79115016e-01   0.00000000e+00   3.76754034e-01  -5.22978489e-31  -1.90134946e-17   5.72957795e+05   1.62809362e+00  -7.34301779e-17
  4.82104799e-01   0.00000000e+00   3.78540856e-01  -2.43142772e-23   2.13458549e-22   5.72957795e+05   1.63286059e+00   2.63859341e-16
  4.85113238e-01   0.00000000e+00   3.80332694e-01  -1.22732213e-22   3.56121444e-17   5.72957795e+05   1.63766978e+00  -1.02691115e-16
  4.88140450e-01   0.00000000e+00   3.82129518e-01  -7.75483204e-31   6.75963072e-30   5.72957795e+05   1.64252162e+00  -8.54027731e-17
  4.91186553e-01   0.00000000e+00   3.83931297e-01   6.10066062e-23  -4.13688639e-22   5.72957795e+05   1.64741654e+00   4.68774326e-17
  4.94251665e-01   0.00000000e+00   3.85738001e-01  -1.24676930e-31   6.61403462e-17   5.72957795e+05   1.65235501e+00   1.28674530e-17
  4.97335903e-01   0.00000000e+00   3.87549598e-01  -6.19810603e-23  -6.57030017e-17   5.72957795e+05   1.65733747e+00   9.38073759e-17
  5.00439388e-01   0.00000000e+00   3.89366057e-01  -2.09113319e-22  -3.55730040e-17   5.72957795e+05   1.66236438e+00   1.95927271e-16
  5.03562239e-01   0.00000000e+00   3.91187343e-01   1.50951365e-32   2.85342101e-17   5.72957795e+05   1.66743621e+00   5.10228253e-17
  5.06704577e-01   0.00000000e+00   3.93013424e-01   1.31271275e-31  -1.12056332e-30   5.72957795e+05   1.67255343e+00  -9.22928675e-17
  5.09866525e-01   0.00000000e+00   3.94844266e-01   2.75993218e-31  -6.40031733e-17   5.72957795e+05   1.67771652e+00  -2.56752889e-16
  5.13048203e-01   0.00000000e+00   3.96679832e-01   3.59961582e-31   6.35895626e-17   5.72957795e+05   1.68292596e+00  -6.86710304e-17
  5.16249736e-01   0.00000000e+00   3.98520087e-01  -2.89960456e-30   8.71287601e-17   5.72957795e+05   1.68818223e+00  -1.00600015e-16
  5.19471247e-01   0.00000000e+00   4.00364995e-01   2.61722641e-23  -2.20415562e-22   5.72957795e+05   1.69348583e+00  -1.24941823e-16
  5.22712861e-01   0.00000000e+00   4.02214518e-01  -7.44228809e-23  -6.23749130e-17   5.72957795e+05   1.69883727e+00  -5.59599587e-18
  5.25974704e-01   0.00000000e+00   4.04068618e-01  -1.84138568e-22   6.19810799e-17   5.72957795e+05   1.70423704e+00   2.61034606e-16
  5.29256901e-01   0.00000000e+00   4.05927256e-01   1.40684410e-23  -6.15880854e-17   5.72957795e+05   1.70968566e+00  -1.69201339e-16
  5.32559579e-01   0.00000000e+00   4.07790392e-01   2.83355296e-30   9.17547593e-18   5.72957795e+05   1.71518365e+00  -9.60995657e-17
  5.35882868e-01   0.00000000e+00   4.09657986e-01   1.40307483e-34  -1.16244494e-33   5.72957795e+05   1.72073153e+00  -4.17232589e-17
  5.39226894e-01   0.00000000e+00   4.11529997e-01  -3.24201033e-33   6.04387297e-17   5.72957795e+05   1.72632984e+00   6.06628472e-18
  5.42591787e-01   0.00000000e+00   4.13406382e-01  -1.78936324e-30   1.47305073e-29   5.72957795e+05   1.73197911e+00  -1.08740682e-17
  5.45977679e-01   0.00000000e+00   4.15287099e-01  -4.98504907e-23  -5.27071448e-17   5.72957795e+05   1.73767988e+00  -9.09832601e-18
  5.49384699e-01   0.00000000e+00   4.17172104e-01  -4.97263070e-32   4.06794284e-31   5.72957795e+05   1.74343271e+00   1.14005512e-17
  5.52812979e-01   0.00000000e+00   4.19061352e-01   1.13719284e-30   5.30581411e-17   5.72957795e+05   1.74923816e+00  -5.06267766e-17
  5.56262653e-01   0.00000000e+00   4.20954798e-01  -1.23846248e-22   5.32368526e-17   5.72957795e+05   1.75509679e+00   1.08588658e-16
  5.59733853e-01   0.00000000e+00   4.22852396e-01   1.58698889e-30  -1.28631280e-29   5.72957795e+05   1.76100917e+00  -1.85309819e-16
  5.63226715e-01   0.00000000e+00   4.24754099e-01  -2.48517669e-23   5.35963646e-17   5.72957795e+05   1.76697588e+00   2.80797721e-16
  5.66741373e-01   0.00000000e+00   4.26659859e-01  -1.86539946e-31  -1.15107135e-16   5.72957795e+05   1.77299750e+00   1.39392004e-18
  5.70277963e-01   0.00000000e+00   4.28569627e-01   1.32072213e-32  -6.04579660e-17   5.72957795e+05   1.77907463e+00  -1.33140732e-16
  5.73836622e-01   0.00000000e+00   4.30483353e-01  -2.52324103e-23   5.44451038e-18   5.72957795e+05   1.78520788e+00   2.83718485e-16
